{"C:\\Users\\Gustavo Oliveira\\Desktop\\Projetos\\flux v1\\.claude\\worktrees\\elated-shockley-e276bc\\src\\components\\ErrorBoundary.tsx": {"path":"C:\\Users\\Gustavo Oliveira\\Desktop\\Projetos\\flux v1\\.claude\\worktrees\\elated-shockley-e276bc\\src\\components\\ErrorBoundary.tsx","statementMap":{"0":{"start":{"line":20,"column":8},"end":{"line":20,"column":null}},"1":{"start":{"line":35,"column":4},"end":{"line":37,"column":null}},"2":{"start":{"line":36,"column":8},"end":{"line":36,"column":null}},"3":{"start":{"line":21,"column":8},"end":{"line":24,"column":null}},"4":{"start":{"line":28,"column":8},"end":{"line":28,"column":null}},"5":{"start":{"line":32,"column":8},"end":{"line":32,"column":null}},"6":{"start":{"line":40,"column":36},"end":{"line":40,"column":null}},"7":{"start":{"line":41,"column":39},"end":{"line":41,"column":null}},"8":{"start":{"line":43,"column":8},"end":{"line":74,"column":null}},"9":{"start":{"line":44,"column":12},"end":{"line":46,"column":null}},"10":{"start":{"line":45,"column":16},"end":{"line":45,"column":null}},"11":{"start":{"line":48,"column":12},"end":{"line":72,"column":null}},"12":{"start":{"line":76,"column":8},"end":{"line":76,"column":null}}},"fnMap":{"0":{"name":"(anonymous_0)","decl":{"start":{"line":19,"column":4},"end":{"line":19,"column":16}},"loc":{"start":{"line":19,"column":43},"end":{"line":25,"column":null}},"line":19},"1":{"name":"(anonymous_1)","decl":{"start":{"line":35,"column":19},"end":{"line":35,"column":31}},"loc":{"start":{"line":35,"column":31},"end":{"line":37,"column":null}},"line":35},"2":{"name":"(anonymous_2)","decl":{"start":{"line":27,"column":11},"end":{"line":27,"column":36}},"loc":{"start":{"line":27,"column":70},"end":{"line":29,"column":null}},"line":27},"3":{"name":"(anonymous_3)","decl":{"start":{"line":31,"column":4},"end":{"line":31,"column":22}},"loc":{"start":{"line":31,"column":64},"end":{"line":33,"column":null}},"line":31},"4":{"name":"(anonymous_4)","decl":{"start":{"line":39,"column":4},"end":{"line":39,"column":24}},"loc":{"start":{"line":39,"column":24},"end":{"line":77,"column":null}},"line":39}},"branchMap":{"0":{"loc":{"start":{"line":43,"column":8},"end":{"line":74,"column":null}},"type":"if","locations":[{"start":{"line":43,"column":8},"end":{"line":74,"column":null}},{"start":{},"end":{}}],"line":43},"1":{"loc":{"start":{"line":44,"column":12},"end":{"line":46,"column":null}},"type":"if","locations":[{"start":{"line":44,"column":12},"end":{"line":46,"column":null}},{"start":{},"end":{}}],"line":44},"2":{"loc":{"start":{"line":59,"column":29},"end":{"line":59,"column":null}},"type":"binary-expr","locations":[{"start":{"line":59,"column":29},"end":{"line":59,"column":38}},{"start":{"line":59,"column":38},"end":{"line":59,"column":null}}],"line":59}},"s":{"0":0,"1":0,"2":0,"3":0,"4":0,"5":0,"6":0,"7":0,"8":0,"9":0,"10":0,"11":0,"12":0},"f":{"0":0,"1":0,"2":0,"3":0,"4":0},"b":{"0":[0,0],"1":[0,0],"2":[0,0]},"meta":{"lastBranch":3,"lastFunction":5,"lastStatement":13,"seen":{"f:19:4:19:16":0,"s:20:8:20:Infinity":0,"s:35:4:37:Infinity":1,"f:35:19:35:31":1,"s:36:8:36:Infinity":2,"s:21:8:24:Infinity":3,"f:27:11:27:36":2,"s:28:8:28:Infinity":4,"f:31:4:31:22":3,"s:32:8:32:Infinity":5,"f:39:4:39:24":4,"s:40:36:40:Infinity":6,"s:41:39:41:Infinity":7,"b:43:8:74:Infinity:undefined:undefined:undefined:undefined":0,"s:43:8:74:Infinity":8,"b:44:12:46:Infinity:undefined:undefined:undefined:undefined":1,"s:44:12:46:Infinity":9,"s:45:16:45:Infinity":10,"s:48:12:72:Infinity":11,"b:59:29:59:38:59:38:59:Infinity":2,"s:76:8:76:Infinity":12}}}
,"C:\\Users\\Gustavo Oliveira\\Desktop\\Projetos\\flux v1\\.claude\\worktrees\\elated-shockley-e276bc\\src\\hooks\\index.ts": {"path":"C:\\Users\\Gustavo Oliveira\\Desktop\\Projetos\\flux v1\\.claude\\worktrees\\elated-shockley-e276bc\\src\\hooks\\index.ts","statementMap":{},"fnMap":{},"branchMap":{},"s":{},"f":{},"b":{},"meta":{"lastBranch":0,"lastFunction":0,"lastStatement":0,"seen":{}}}
,"C:\\Users\\Gustavo Oliveira\\Desktop\\Projetos\\flux v1\\.claude\\worktrees\\elated-shockley-e276bc\\src\\hooks\\useElapsedTimer.ts": {"path":"C:\\Users\\Gustavo Oliveira\\Desktop\\Projetos\\flux v1\\.claude\\worktrees\\elated-shockley-e276bc\\src\\hooks\\useElapsedTimer.ts","statementMap":{"0":{"start":{"line":32,"column":42},"end":{"line":32,"column":null}},"1":{"start":{"line":33,"column":44},"end":{"line":33,"column":null}},"2":{"start":{"line":35,"column":4},"end":{"line":67,"column":null}},"3":{"start":{"line":36,"column":8},"end":{"line":40,"column":null}},"4":{"start":{"line":37,"column":12},"end":{"line":37,"column":null}},"5":{"start":{"line":38,"column":12},"end":{"line":38,"column":null}},"6":{"start":{"line":39,"column":12},"end":{"line":39,"column":null}},"7":{"start":{"line":43,"column":26},"end":{"line":43,"column":null}},"8":{"start":{"line":44,"column":24},"end":{"line":44,"column":null}},"9":{"start":{"line":45,"column":31},"end":{"line":45,"column":null}},"10":{"start":{"line":47,"column":8},"end":{"line":51,"column":null}},"11":{"start":{"line":48,"column":12},"end":{"line":48,"column":null}},"12":{"start":{"line":49,"column":12},"end":{"line":49,"column":null}},"13":{"start":{"line":50,"column":12},"end":{"line":50,"column":null}},"14":{"start":{"line":53,"column":28},"end":{"line":58,"column":null}},"15":{"start":{"line":54,"column":24},"end":{"line":54,"column":null}},"16":{"start":{"line":55,"column":25},"end":{"line":55,"column":null}},"17":{"start":{"line":56,"column":12},"end":{"line":56,"column":null}},"18":{"start":{"line":57,"column":12},"end":{"line":57,"column":null}},"19":{"start":{"line":61,"column":8},"end":{"line":61,"column":null}},"20":{"start":{"line":64,"column":25},"end":{"line":64,"column":null}},"21":{"start":{"line":66,"column":8},"end":{"line":66,"column":null}},"22":{"start":{"line":66,"column":21},"end":{"line":66,"column":null}},"23":{"start":{"line":69,"column":4},"end":{"line":69,"column":null}}},"fnMap":{"0":{"name":"useElapsedTimer","decl":{"start":{"line":27,"column":16},"end":{"line":27,"column":32}},"loc":{"start":{"line":31,"column":50},"end":{"line":70,"column":null}},"line":31},"1":{"name":"(anonymous_1)","decl":{"start":{"line":35,"column":14},"end":{"line":35,"column":20}},"loc":{"start":{"line":35,"column":20},"end":{"line":67,"column":7}},"line":35},"2":{"name":"(anonymous_2)","decl":{"start":{"line":53,"column":28},"end":{"line":53,"column":34}},"loc":{"start":{"line":53,"column":34},"end":{"line":58,"column":null}},"line":53},"3":{"name":"(anonymous_3)","decl":{"start":{"line":66,"column":15},"end":{"line":66,"column":21}},"loc":{"start":{"line":66,"column":21},"end":{"line":66,"column":null}},"line":66}},"branchMap":{"0":{"loc":{"start":{"line":29,"column":4},"end":{"line":29,"column":null}},"type":"default-arg","locations":[{"start":{"line":29,"column":15},"end":{"line":29,"column":null}}],"line":29},"1":{"loc":{"start":{"line":36,"column":8},"end":{"line":40,"column":null}},"type":"if","locations":[{"start":{"line":36,"column":8},"end":{"line":40,"column":null}},{"start":{},"end":{}}],"line":36},"2":{"loc":{"start":{"line":36,"column":12},"end":{"line":36,"column":37}},"type":"binary-expr","locations":[{"start":{"line":36,"column":12},"end":{"line":36,"column":26}},{"start":{"line":36,"column":26},"end":{"line":36,"column":37}}],"line":36},"3":{"loc":{"start":{"line":44,"column":24},"end":{"line":44,"column":null}},"type":"cond-expr","locations":[{"start":{"line":44,"column":43},"end":{"line":44,"column":82}},{"start":{"line":44,"column":82},"end":{"line":44,"column":null}}],"line":44},"4":{"loc":{"start":{"line":47,"column":8},"end":{"line":51,"column":null}},"type":"if","locations":[{"start":{"line":47,"column":8},"end":{"line":51,"column":null}},{"start":{},"end":{}}],"line":47}},"s":{"0":0,"1":0,"2":0,"3":0,"4":0,"5":0,"6":0,"7":0,"8":0,"9":0,"10":0,"11":0,"12":0,"13":0,"14":0,"15":0,"16":0,"17":0,"18":0,"19":0,"20":0,"21":0,"22":0,"23":0},"f":{"0":0,"1":0,"2":0,"3":0},"b":{"0":[0],"1":[0,0],"2":[0,0],"3":[0,0],"4":[0,0]},"meta":{"lastBranch":5,"lastFunction":4,"lastStatement":24,"seen":{"f:27:16:27:32":0,"b:29:15:29:Infinity":0,"s:32:42:32:Infinity":0,"s:33:44:33:Infinity":1,"s:35:4:67:Infinity":2,"f:35:14:35:20":1,"b:36:8:40:Infinity:undefined:undefined:undefined:undefined":1,"s:36:8:40:Infinity":3,"b:36:12:36:26:36:26:36:37":2,"s:37:12:37:Infinity":4,"s:38:12:38:Infinity":5,"s:39:12:39:Infinity":6,"s:43:26:43:Infinity":7,"s:44:24:44:Infinity":8,"b:44:43:44:82:44:82:44:Infinity":3,"s:45:31:45:Infinity":9,"b:47:8:51:Infinity:undefined:undefined:undefined:undefined":4,"s:47:8:51:Infinity":10,"s:48:12:48:Infinity":11,"s:49:12:49:Infinity":12,"s:50:12:50:Infinity":13,"s:53:28:58:Infinity":14,"f:53:28:53:34":2,"s:54:24:54:Infinity":15,"s:55:25:55:Infinity":16,"s:56:12:56:Infinity":17,"s:57:12:57:Infinity":18,"s:61:8:61:Infinity":19,"s:64:25:64:Infinity":20,"s:66:8:66:Infinity":21,"f:66:15:66:21":3,"s:66:21:66:Infinity":22,"s:69:4:69:Infinity":23}}}
,"C:\\Users\\Gustavo Oliveira\\Desktop\\Projetos\\flux v1\\.claude\\worktrees\\elated-shockley-e276bc\\src\\hooks\\useFormatTime.ts": {"path":"C:\\Users\\Gustavo Oliveira\\Desktop\\Projetos\\flux v1\\.claude\\worktrees\\elated-shockley-e276bc\\src\\hooks\\useFormatTime.ts","statementMap":{"0":{"start":{"line":14,"column":18},"end":{"line":14,"column":null}},"1":{"start":{"line":15,"column":20},"end":{"line":15,"column":null}},"2":{"start":{"line":16,"column":10},"end":{"line":16,"column":null}},"3":{"start":{"line":17,"column":4},"end":{"line":17,"column":null}},"4":{"start":{"line":21,"column":29},"end":{"line":21,"column":null}},"5":{"start":{"line":31,"column":4},"end":{"line":33,"column":null}},"6":{"start":{"line":32,"column":8},"end":{"line":32,"column":null}},"7":{"start":{"line":34,"column":4},"end":{"line":34,"column":null}},"8":{"start":{"line":34,"column":35},"end":{"line":34,"column":null}},"9":{"start":{"line":36,"column":16},"end":{"line":36,"column":null}},"10":{"start":{"line":37,"column":4},"end":{"line":37,"column":null}},"11":{"start":{"line":37,"column":14},"end":{"line":37,"column":null}},"12":{"start":{"line":40,"column":4},"end":{"line":50,"column":null}},"13":{"start":{"line":41,"column":22},"end":{"line":41,"column":null}},"14":{"start":{"line":41,"column":51},"end":{"line":41,"column":81}},"15":{"start":{"line":42,"column":8},"end":{"line":42,"column":null}},"16":{"start":{"line":42,"column":30},"end":{"line":42,"column":45}},"17":{"start":{"line":42,"column":48},"end":{"line":42,"column":null}},"18":{"start":{"line":43,"column":8},"end":{"line":45,"column":null}},"19":{"start":{"line":44,"column":12},"end":{"line":44,"column":null}},"20":{"start":{"line":46,"column":8},"end":{"line":48,"column":null}},"21":{"start":{"line":47,"column":12},"end":{"line":47,"column":null}},"22":{"start":{"line":49,"column":8},"end":{"line":49,"column":null}},"23":{"start":{"line":53,"column":23},"end":{"line":53,"column":null}},"24":{"start":{"line":54,"column":18},"end":{"line":54,"column":null}},"25":{"start":{"line":55,"column":4},"end":{"line":58,"column":null}},"26":{"start":{"line":56,"column":25},"end":{"line":56,"column":null}},"27":{"start":{"line":57,"column":8},"end":{"line":57,"column":null}},"28":{"start":{"line":60,"column":19},"end":{"line":60,"column":null}},"29":{"start":{"line":61,"column":4},"end":{"line":61,"column":null}},"30":{"start":{"line":61,"column":34},"end":{"line":61,"column":null}},"31":{"start":{"line":63,"column":17},"end":{"line":63,"column":null}},"32":{"start":{"line":64,"column":4},"end":{"line":64,"column":null}},"33":{"start":{"line":64,"column":59},"end":{"line":64,"column":null}},"34":{"start":{"line":65,"column":4},"end":{"line":65,"column":null}},"35":{"start":{"line":65,"column":59},"end":{"line":65,"column":null}},"36":{"start":{"line":66,"column":4},"end":{"line":66,"column":null}},"37":{"start":{"line":66,"column":57},"end":{"line":66,"column":null}},"38":{"start":{"line":68,"column":4},"end":{"line":68,"column":null}},"39":{"start":{"line":76,"column":4},"end":{"line":78,"column":null}},"40":{"start":{"line":77,"column":8},"end":{"line":77,"column":null}},"41":{"start":{"line":79,"column":18},"end":{"line":79,"column":null}},"42":{"start":{"line":80,"column":17},"end":{"line":80,"column":null}},"43":{"start":{"line":81,"column":4},"end":{"line":81,"column":null}},"44":{"start":{"line":88,"column":18},"end":{"line":88,"column":null}},"45":{"start":{"line":89,"column":17},"end":{"line":89,"column":null}},"46":{"start":{"line":90,"column":4},"end":{"line":90,"column":null}}},"fnMap":{"0":{"name":"formatTime","decl":{"start":{"line":13,"column":16},"end":{"line":13,"column":27}},"loc":{"start":{"line":13,"column":57},"end":{"line":18,"column":null}},"line":13},"1":{"name":"parseCycleTimeToSeconds","decl":{"start":{"line":30,"column":16},"end":{"line":30,"column":40}},"loc":{"start":{"line":30,"column":64},"end":{"line":69,"column":null}},"line":30},"2":{"name":"(anonymous_2)","decl":{"start":{"line":41,"column":41},"end":{"line":41,"column":42}},"loc":{"start":{"line":41,"column":51},"end":{"line":41,"column":81}},"line":41},"3":{"name":"(anonymous_3)","decl":{"start":{"line":42,"column":23},"end":{"line":42,"column":24}},"loc":{"start":{"line":42,"column":30},"end":{"line":42,"column":45}},"line":42},"4":{"name":"formatStopTimeMinutes","decl":{"start":{"line":75,"column":16},"end":{"line":75,"column":38}},"loc":{"start":{"line":75,"column":63},"end":{"line":82,"column":null}},"line":75},"5":{"name":"formatElapsedFromTimestamp","decl":{"start":{"line":87,"column":16},"end":{"line":87,"column":43}},"loc":{"start":{"line":87,"column":98},"end":{"line":91,"column":null}},"line":87}},"branchMap":{"0":{"loc":{"start":{"line":31,"column":4},"end":{"line":33,"column":null}},"type":"if","locations":[{"start":{"line":31,"column":4},"end":{"line":33,"column":null}},{"start":{},"end":{}}],"line":31},"1":{"loc":{"start":{"line":31,"column":8},"end":{"line":31,"column":61}},"type":"binary-expr","locations":[{"start":{"line":31,"column":8},"end":{"line":31,"column":37}},{"start":{"line":31,"column":37},"end":{"line":31,"column":61}}],"line":31},"2":{"loc":{"start":{"line":34,"column":4},"end":{"line":34,"column":null}},"type":"if","locations":[{"start":{"line":34,"column":4},"end":{"line":34,"column":null}},{"start":{},"end":{}}],"line":34},"3":{"loc":{"start":{"line":37,"column":4},"end":{"line":37,"column":null}},"type":"if","locations":[{"start":{"line":37,"column":4},"end":{"line":37,"column":null}},{"start":{},"end":{}}],"line":37},"4":{"loc":{"start":{"line":40,"column":4},"end":{"line":50,"column":null}},"type":"if","locations":[{"start":{"line":40,"column":4},"end":{"line":50,"column":null}},{"start":{},"end":{}}],"line":40},"5":{"loc":{"start":{"line":42,"column":8},"end":{"line":42,"column":null}},"type":"if","locations":[{"start":{"line":42,"column":8},"end":{"line":42,"column":null}},{"start":{},"end":{}}],"line":42},"6":{"loc":{"start":{"line":43,"column":8},"end":{"line":45,"column":null}},"type":"if","locations":[{"start":{"line":43,"column":8},"end":{"line":45,"column":null}},{"start":{},"end":{}}],"line":43},"7":{"loc":{"start":{"line":46,"column":8},"end":{"line":48,"column":null}},"type":"if","locations":[{"start":{"line":46,"column":8},"end":{"line":48,"column":null}},{"start":{},"end":{}}],"line":46},"8":{"loc":{"start":{"line":55,"column":4},"end":{"line":58,"column":null}},"type":"if","locations":[{"start":{"line":55,"column":4},"end":{"line":58,"column":null}},{"start":{},"end":{}}],"line":55},"9":{"loc":{"start":{"line":57,"column":15},"end":{"line":57,"column":null}},"type":"cond-expr","locations":[{"start":{"line":57,"column":43},"end":{"line":57,"column":67}},{"start":{"line":57,"column":67},"end":{"line":57,"column":null}}],"line":57},"10":{"loc":{"start":{"line":61,"column":4},"end":{"line":61,"column":null}},"type":"if","locations":[{"start":{"line":61,"column":4},"end":{"line":61,"column":null}},{"start":{},"end":{}}],"line":61},"11":{"loc":{"start":{"line":63,"column":17},"end":{"line":63,"column":null}},"type":"binary-expr","locations":[{"start":{"line":63,"column":17},"end":{"line":63,"column":29}},{"start":{"line":63,"column":29},"end":{"line":63,"column":null}}],"line":63},"12":{"loc":{"start":{"line":64,"column":4},"end":{"line":64,"column":null}},"type":"if","locations":[{"start":{"line":64,"column":4},"end":{"line":64,"column":null}},{"start":{},"end":{}}],"line":64},"13":{"loc":{"start":{"line":64,"column":8},"end":{"line":64,"column":59}},"type":"binary-expr","locations":[{"start":{"line":64,"column":8},"end":{"line":64,"column":24}},{"start":{"line":64,"column":24},"end":{"line":64,"column":42}},{"start":{"line":64,"column":42},"end":{"line":64,"column":59}}],"line":64},"14":{"loc":{"start":{"line":65,"column":4},"end":{"line":65,"column":null}},"type":"if","locations":[{"start":{"line":65,"column":4},"end":{"line":65,"column":null}},{"start":{},"end":{}}],"line":65},"15":{"loc":{"start":{"line":65,"column":8},"end":{"line":65,"column":59}},"type":"binary-expr","locations":[{"start":{"line":65,"column":8},"end":{"line":65,"column":24}},{"start":{"line":65,"column":24},"end":{"line":65,"column":42}},{"start":{"line":65,"column":42},"end":{"line":65,"column":59}}],"line":65},"16":{"loc":{"start":{"line":66,"column":4},"end":{"line":66,"column":null}},"type":"if","locations":[{"start":{"line":66,"column":4},"end":{"line":66,"column":null}},{"start":{},"end":{}}],"line":66},"17":{"loc":{"start":{"line":66,"column":8},"end":{"line":66,"column":57}},"type":"binary-expr","locations":[{"start":{"line":66,"column":8},"end":{"line":66,"column":24}},{"start":{"line":66,"column":24},"end":{"line":66,"column":41}},{"start":{"line":66,"column":41},"end":{"line":66,"column":57}}],"line":66},"18":{"loc":{"start":{"line":76,"column":4},"end":{"line":78,"column":null}},"type":"if","locations":[{"start":{"line":76,"column":4},"end":{"line":78,"column":null}},{"start":{},"end":{}}],"line":76},"19":{"loc":{"start":{"line":81,"column":11},"end":{"line":81,"column":null}},"type":"cond-expr","locations":[{"start":{"line":81,"column":22},"end":{"line":81,"column":47}},{"start":{"line":81,"column":47},"end":{"line":81,"column":null}}],"line":81},"20":{"loc":{"start":{"line":87,"column":62},"end":{"line":87,"column":98}},"type":"default-arg","locations":[{"start":{"line":87,"column":78},"end":{"line":87,"column":98}}],"line":87}},"s":{"0":0,"1":0,"2":0,"3":0,"4":0,"5":0,"6":0,"7":0,"8":0,"9":0,"10":0,"11":0,"12":0,"13":0,"14":0,"15":0,"16":0,"17":0,"18":0,"19":0,"20":0,"21":0,"22":0,"23":0,"24":0,"25":0,"26":0,"27":0,"28":0,"29":0,"30":0,"31":0,"32":0,"33":0,"34":0,"35":0,"36":0,"37":0,"38":0,"39":0,"40":0,"41":0,"42":0,"43":0,"44":0,"45":0,"46":0},"f":{"0":0,"1":0,"2":0,"3":0,"4":0,"5":0},"b":{"0":[0,0],"1":[0,0],"2":[0,0],"3":[0,0],"4":[0,0],"5":[0,0],"6":[0,0],"7":[0,0],"8":[0,0],"9":[0,0],"10":[0,0],"11":[0,0],"12":[0,0],"13":[0,0,0],"14":[0,0],"15":[0,0,0],"16":[0,0],"17":[0,0,0],"18":[0,0],"19":[0,0],"20":[0]},"meta":{"lastBranch":21,"lastFunction":6,"lastStatement":47,"seen":{"f:13:16:13:27":0,"s:14:18:14:Infinity":0,"s:15:20:15:Infinity":1,"s:16:10:16:Infinity":2,"s:17:4:17:Infinity":3,"s:21:29:21:Infinity":4,"f:30:16:30:40":1,"b:31:4:33:Infinity:undefined:undefined:undefined:undefined":0,"s:31:4:33:Infinity":5,"b:31:8:31:37:31:37:31:61":1,"s:32:8:32:Infinity":6,"b:34:4:34:Infinity:undefined:undefined:undefined:undefined":2,"s:34:4:34:Infinity":7,"s:34:35:34:Infinity":8,"s:36:16:36:Infinity":9,"b:37:4:37:Infinity:undefined:undefined:undefined:undefined":3,"s:37:4:37:Infinity":10,"s:37:14:37:Infinity":11,"b:40:4:50:Infinity:undefined:undefined:undefined:undefined":4,"s:40:4:50:Infinity":12,"s:41:22:41:Infinity":13,"f:41:41:41:42":2,"s:41:51:41:81":14,"b:42:8:42:Infinity:undefined:undefined:undefined:undefined":5,"s:42:8:42:Infinity":15,"f:42:23:42:24":3,"s:42:30:42:45":16,"s:42:48:42:Infinity":17,"b:43:8:45:Infinity:undefined:undefined:undefined:undefined":6,"s:43:8:45:Infinity":18,"s:44:12:44:Infinity":19,"b:46:8:48:Infinity:undefined:undefined:undefined:undefined":7,"s:46:8:48:Infinity":20,"s:47:12:47:Infinity":21,"s:49:8:49:Infinity":22,"s:53:23:53:Infinity":23,"s:54:18:54:Infinity":24,"b:55:4:58:Infinity:undefined:undefined:undefined:undefined":8,"s:55:4:58:Infinity":25,"s:56:25:56:Infinity":26,"s:57:8:57:Infinity":27,"b:57:43:57:67:57:67:57:Infinity":9,"s:60:19:60:Infinity":28,"b:61:4:61:Infinity:undefined:undefined:undefined:undefined":10,"s:61:4:61:Infinity":29,"s:61:34:61:Infinity":30,"s:63:17:63:Infinity":31,"b:63:17:63:29:63:29:63:Infinity":11,"b:64:4:64:Infinity:undefined:undefined:undefined:undefined":12,"s:64:4:64:Infinity":32,"b:64:8:64:24:64:24:64:42:64:42:64:59":13,"s:64:59:64:Infinity":33,"b:65:4:65:Infinity:undefined:undefined:undefined:undefined":14,"s:65:4:65:Infinity":34,"b:65:8:65:24:65:24:65:42:65:42:65:59":15,"s:65:59:65:Infinity":35,"b:66:4:66:Infinity:undefined:undefined:undefined:undefined":16,"s:66:4:66:Infinity":36,"b:66:8:66:24:66:24:66:41:66:41:66:57":17,"s:66:57:66:Infinity":37,"s:68:4:68:Infinity":38,"f:75:16:75:38":4,"b:76:4:78:Infinity:undefined:undefined:undefined:undefined":18,"s:76:4:78:Infinity":39,"s:77:8:77:Infinity":40,"s:79:18:79:Infinity":41,"s:80:17:80:Infinity":42,"s:81:4:81:Infinity":43,"b:81:22:81:47:81:47:81:Infinity":19,"f:87:16:87:43":5,"b:87:78:87:98":20,"s:88:18:88:Infinity":44,"s:89:17:89:Infinity":45,"s:90:4:90:Infinity":46}}}
,"C:\\Users\\Gustavo Oliveira\\Desktop\\Projetos\\flux v1\\.claude\\worktrees\\elated-shockley-e276bc\\src\\hooks\\useOperatorSession.ts": {"path":"C:\\Users\\Gustavo Oliveira\\Desktop\\Projetos\\flux v1\\.claude\\worktrees\\elated-shockley-e276bc\\src\\hooks\\useOperatorSession.ts","statementMap":{"0":{"start":{"line":34,"column":46},"end":{"line":34,"column":null}},"1":{"start":{"line":35,"column":48},"end":{"line":35,"column":null}},"2":{"start":{"line":36,"column":44},"end":{"line":36,"column":null}},"3":{"start":{"line":37,"column":34},"end":{"line":37,"column":null}},"4":{"start":{"line":40,"column":4},"end":{"line":62,"column":null}},"5":{"start":{"line":41,"column":8},"end":{"line":45,"column":null}},"6":{"start":{"line":42,"column":12},"end":{"line":42,"column":null}},"7":{"start":{"line":43,"column":12},"end":{"line":43,"column":null}},"8":{"start":{"line":44,"column":12},"end":{"line":44,"column":null}},"9":{"start":{"line":47,"column":34},"end":{"line":59,"column":null}},"10":{"start":{"line":48,"column":36},"end":{"line":52,"column":null}},"11":{"start":{"line":54,"column":12},"end":{"line":58,"column":null}},"12":{"start":{"line":55,"column":16},"end":{"line":55,"column":null}},"13":{"start":{"line":57,"column":16},"end":{"line":57,"column":null}},"14":{"start":{"line":61,"column":8},"end":{"line":61,"column":null}},"15":{"start":{"line":65,"column":4},"end":{"line":82,"column":null}},"16":{"start":{"line":66,"column":8},"end":{"line":69,"column":null}},"17":{"start":{"line":67,"column":12},"end":{"line":67,"column":null}},"18":{"start":{"line":68,"column":12},"end":{"line":68,"column":null}},"19":{"start":{"line":71,"column":28},"end":{"line":76,"column":null}},"20":{"start":{"line":72,"column":24},"end":{"line":72,"column":null}},"21":{"start":{"line":73,"column":26},"end":{"line":73,"column":null}},"22":{"start":{"line":74,"column":25},"end":{"line":74,"column":null}},"23":{"start":{"line":75,"column":12},"end":{"line":75,"column":null}},"24":{"start":{"line":78,"column":8},"end":{"line":78,"column":null}},"25":{"start":{"line":79,"column":25},"end":{"line":79,"column":null}},"26":{"start":{"line":81,"column":8},"end":{"line":81,"column":null}},"27":{"start":{"line":81,"column":21},"end":{"line":81,"column":null}},"28":{"start":{"line":85,"column":10},"end":{"line":113,"column":null}},"29":{"start":{"line":86,"column":8},"end":{"line":89,"column":null}},"30":{"start":{"line":87,"column":12},"end":{"line":87,"column":null}},"31":{"start":{"line":88,"column":12},"end":{"line":88,"column":null}},"32":{"start":{"line":91,"column":8},"end":{"line":91,"column":null}},"33":{"start":{"line":92,"column":8},"end":{"line":112,"column":null}},"34":{"start":{"line":93,"column":36},"end":{"line":99,"column":null}},"35":{"start":{"line":101,"column":12},"end":{"line":106,"column":null}},"36":{"start":{"line":102,"column":16},"end":{"line":102,"column":null}},"37":{"start":{"line":103,"column":16},"end":{"line":103,"column":null}},"38":{"start":{"line":105,"column":16},"end":{"line":105,"column":null}},"39":{"start":{"line":108,"column":12},"end":{"line":108,"column":null}},"40":{"start":{"line":109,"column":12},"end":{"line":109,"column":null}},"41":{"start":{"line":111,"column":12},"end":{"line":111,"column":null}},"42":{"start":{"line":115,"column":4},"end":{"line":122,"column":null}}},"fnMap":{"0":{"name":"useOperatorSession","decl":{"start":{"line":33,"column":16},"end":{"line":33,"column":63}},"loc":{"start":{"line":33,"column":63},"end":{"line":123,"column":null}},"line":33},"1":{"name":"(anonymous_1)","decl":{"start":{"line":40,"column":14},"end":{"line":40,"column":20}},"loc":{"start":{"line":40,"column":20},"end":{"line":62,"column":7}},"line":40},"2":{"name":"(anonymous_2)","decl":{"start":{"line":47,"column":34},"end":{"line":47,"column":46}},"loc":{"start":{"line":47,"column":46},"end":{"line":59,"column":null}},"line":47},"3":{"name":"(anonymous_3)","decl":{"start":{"line":65,"column":14},"end":{"line":65,"column":20}},"loc":{"start":{"line":65,"column":20},"end":{"line":82,"column":7}},"line":65},"4":{"name":"(anonymous_4)","decl":{"start":{"line":71,"column":28},"end":{"line":71,"column":34}},"loc":{"start":{"line":71,"column":34},"end":{"line":76,"column":null}},"line":71},"5":{"name":"(anonymous_5)","decl":{"start":{"line":81,"column":15},"end":{"line":81,"column":21}},"loc":{"start":{"line":81,"column":21},"end":{"line":81,"column":null}},"line":81},"6":{"name":"(anonymous_6)","decl":{"start":{"line":85,"column":43},"end":{"line":85,"column":50}},"loc":{"start":{"line":85,"column":74},"end":{"line":113,"column":7}},"line":85}},"branchMap":{"0":{"loc":{"start":{"line":41,"column":8},"end":{"line":45,"column":null}},"type":"if","locations":[{"start":{"line":41,"column":8},"end":{"line":45,"column":null}},{"start":{},"end":{}}],"line":41},"1":{"loc":{"start":{"line":54,"column":12},"end":{"line":58,"column":null}},"type":"if","locations":[{"start":{"line":54,"column":12},"end":{"line":58,"column":null}},{"start":{"line":56,"column":19},"end":{"line":58,"column":null}}],"line":54},"2":{"loc":{"start":{"line":54,"column":16},"end":{"line":54,"column":44}},"type":"binary-expr","locations":[{"start":{"line":54,"column":16},"end":{"line":54,"column":26}},{"start":{"line":54,"column":26},"end":{"line":54,"column":44}}],"line":54},"3":{"loc":{"start":{"line":66,"column":8},"end":{"line":69,"column":null}},"type":"if","locations":[{"start":{"line":66,"column":8},"end":{"line":69,"column":null}},{"start":{},"end":{}}],"line":66},"4":{"loc":{"start":{"line":86,"column":8},"end":{"line":89,"column":null}},"type":"if","locations":[{"start":{"line":86,"column":8},"end":{"line":89,"column":null}},{"start":{},"end":{}}],"line":86},"5":{"loc":{"start":{"line":101,"column":12},"end":{"line":106,"column":null}},"type":"if","locations":[{"start":{"line":101,"column":12},"end":{"line":106,"column":null}},{"start":{"line":104,"column":19},"end":{"line":106,"column":null}}],"line":101},"6":{"loc":{"start":{"line":101,"column":16},"end":{"line":101,"column":32}},"type":"binary-expr","locations":[{"start":{"line":101,"column":16},"end":{"line":101,"column":26}},{"start":{"line":101,"column":26},"end":{"line":101,"column":32}}],"line":101}},"s":{"0":0,"1":0,"2":0,"3":0,"4":0,"5":0,"6":0,"7":0,"8":0,"9":0,"10":0,"11":0,"12":0,"13":0,"14":0,"15":0,"16":0,"17":0,"18":0,"19":0,"20":0,"21":0,"22":0,"23":0,"24":0,"25":0,"26":0,"27":0,"28":0,"29":0,"30":0,"31":0,"32":0,"33":0,"34":0,"35":0,"36":0,"37":0,"38":0,"39":0,"40":0,"41":0,"42":0},"f":{"0":0,"1":0,"2":0,"3":0,"4":0,"5":0,"6":0},"b":{"0":[0,0],"1":[0,0],"2":[0,0],"3":[0,0],"4":[0,0],"5":[0,0],"6":[0,0]},"meta":{"lastBranch":7,"lastFunction":7,"lastStatement":43,"seen":{"f:33:16:33:63":0,"s:34:46:34:Infinity":0,"s:35:48:35:Infinity":1,"s:36:44:36:Infinity":2,"s:37:34:37:Infinity":3,"s:40:4:62:Infinity":4,"f:40:14:40:20":1,"b:41:8:45:Infinity:undefined:undefined:undefined:undefined":0,"s:41:8:45:Infinity":5,"s:42:12:42:Infinity":6,"s:43:12:43:Infinity":7,"s:44:12:44:Infinity":8,"s:47:34:59:Infinity":9,"f:47:34:47:46":2,"s:48:36:52:Infinity":10,"b:54:12:58:Infinity:56:19:58:Infinity":1,"s:54:12:58:Infinity":11,"b:54:16:54:26:54:26:54:44":2,"s:55:16:55:Infinity":12,"s:57:16:57:Infinity":13,"s:61:8:61:Infinity":14,"s:65:4:82:Infinity":15,"f:65:14:65:20":3,"b:66:8:69:Infinity:undefined:undefined:undefined:undefined":3,"s:66:8:69:Infinity":16,"s:67:12:67:Infinity":17,"s:68:12:68:Infinity":18,"s:71:28:76:Infinity":19,"f:71:28:71:34":4,"s:72:24:72:Infinity":20,"s:73:26:73:Infinity":21,"s:74:25:74:Infinity":22,"s:75:12:75:Infinity":23,"s:78:8:78:Infinity":24,"s:79:25:79:Infinity":25,"s:81:8:81:Infinity":26,"f:81:15:81:21":5,"s:81:21:81:Infinity":27,"s:85:10:113:Infinity":28,"f:85:43:85:50":6,"b:86:8:89:Infinity:undefined:undefined:undefined:undefined":4,"s:86:8:89:Infinity":29,"s:87:12:87:Infinity":30,"s:88:12:88:Infinity":31,"s:91:8:91:Infinity":32,"s:92:8:112:Infinity":33,"s:93:36:99:Infinity":34,"b:101:12:106:Infinity:104:19:106:Infinity":5,"s:101:12:106:Infinity":35,"b:101:16:101:26:101:26:101:32":6,"s:102:16:102:Infinity":36,"s:103:16:103:Infinity":37,"s:105:16:105:Infinity":38,"s:108:12:108:Infinity":39,"s:109:12:109:Infinity":40,"s:111:12:111:Infinity":41,"s:115:4:122:Infinity":42}}}
,"C:\\Users\\Gustavo Oliveira\\Desktop\\Projetos\\flux v1\\.claude\\worktrees\\elated-shockley-e276bc\\src\\lib\\supabase-client.ts": {"path":"C:\\Users\\Gustavo Oliveira\\Desktop\\Projetos\\flux v1\\.claude\\worktrees\\elated-shockley-e276bc\\src\\lib\\supabase-client.ts","statementMap":{"0":{"start":{"line":4,"column":20},"end":{"line":4,"column":null}},"1":{"start":{"line":5,"column":20},"end":{"line":5,"column":null}},"2":{"start":{"line":13,"column":14},"end":{"line":13,"column":null}},"3":{"start":{"line":13,"column":30},"end":{"line":13,"column":null}},"4":{"start":{"line":13,"column":53},"end":{"line":13,"column":76}},"5":{"start":{"line":20,"column":20},"end":{"line":20,"column":null}},"6":{"start":{"line":21,"column":20},"end":{"line":21,"column":null}},"7":{"start":{"line":23,"column":18},"end":{"line":23,"column":null}},"8":{"start":{"line":25,"column":4},"end":{"line":65,"column":null}},"9":{"start":{"line":26,"column":8},"end":{"line":64,"column":null}},"10":{"start":{"line":27,"column":36},"end":{"line":27,"column":null}},"11":{"start":{"line":29,"column":12},"end":{"line":31,"column":null}},"12":{"start":{"line":30,"column":16},"end":{"line":30,"column":null}},"13":{"start":{"line":36,"column":12},"end":{"line":36,"column":null}},"14":{"start":{"line":38,"column":12},"end":{"line":42,"column":null}},"15":{"start":{"line":39,"column":16},"end":{"line":39,"column":null}},"16":{"start":{"line":40,"column":16},"end":{"line":40,"column":null}},"17":{"start":{"line":41,"column":16},"end":{"line":41,"column":null}},"18":{"start":{"line":44,"column":12},"end":{"line":44,"column":null}},"19":{"start":{"line":47,"column":12},"end":{"line":47,"column":null}},"20":{"start":{"line":48,"column":12},"end":{"line":52,"column":null}},"21":{"start":{"line":49,"column":16},"end":{"line":49,"column":null}},"22":{"start":{"line":50,"column":16},"end":{"line":50,"column":null}},"23":{"start":{"line":51,"column":16},"end":{"line":51,"column":null}},"24":{"start":{"line":55,"column":12},"end":{"line":63,"column":null}},"25":{"start":{"line":67,"column":4},"end":{"line":67,"column":null}}},"fnMap":{"0":{"name":"(anonymous_0)","decl":{"start":{"line":13,"column":14},"end":{"line":13,"column":15}},"loc":{"start":{"line":13,"column":30},"end":{"line":13,"column":null}},"line":13},"1":{"name":"(anonymous_1)","decl":{"start":{"line":13,"column":42},"end":{"line":13,"column":53}},"loc":{"start":{"line":13,"column":53},"end":{"line":13,"column":76}},"line":13},"2":{"name":"executeWithRetry","decl":{"start":{"line":16,"column":22},"end":{"line":16,"column":null}},"loc":{"start":{"line":19,"column":61},"end":{"line":68,"column":null}},"line":19}},"branchMap":{"0":{"loc":{"start":{"line":18,"column":4},"end":{"line":18,"column":null}},"type":"default-arg","locations":[{"start":{"line":18,"column":28},"end":{"line":18,"column":null}}],"line":18},"1":{"loc":{"start":{"line":20,"column":20},"end":{"line":20,"column":null}},"type":"binary-expr","locations":[{"start":{"line":20,"column":20},"end":{"line":20,"column":39}},{"start":{"line":20,"column":39},"end":{"line":20,"column":null}}],"line":20},"2":{"loc":{"start":{"line":21,"column":20},"end":{"line":21,"column":null}},"type":"binary-expr","locations":[{"start":{"line":21,"column":20},"end":{"line":21,"column":37}},{"start":{"line":21,"column":37},"end":{"line":21,"column":null}}],"line":21},"3":{"loc":{"start":{"line":29,"column":12},"end":{"line":31,"column":null}},"type":"if","locations":[{"start":{"line":29,"column":12},"end":{"line":31,"column":null}},{"start":{},"end":{}}],"line":29},"4":{"loc":{"start":{"line":38,"column":12},"end":{"line":42,"column":null}},"type":"if","locations":[{"start":{"line":38,"column":12},"end":{"line":42,"column":null}},{"start":{},"end":{}}],"line":38},"5":{"loc":{"start":{"line":48,"column":12},"end":{"line":52,"column":null}},"type":"if","locations":[{"start":{"line":48,"column":12},"end":{"line":52,"column":null}},{"start":{},"end":{}}],"line":48},"6":{"loc":{"start":{"line":58,"column":29},"end":{"line":58,"column":null}},"type":"binary-expr","locations":[{"start":{"line":58,"column":29},"end":{"line":58,"column":44}},{"start":{"line":58,"column":44},"end":{"line":58,"column":null}}],"line":58}},"s":{"0":1,"1":1,"2":1,"3":0,"4":0,"5":0,"6":0,"7":0,"8":0,"9":0,"10":0,"11":0,"12":0,"13":0,"14":0,"15":0,"16":0,"17":0,"18":0,"19":0,"20":0,"21":0,"22":0,"23":0,"24":0,"25":0},"f":{"0":0,"1":0,"2":0},"b":{"0":[0],"1":[0,0],"2":[0,0],"3":[0,0],"4":[0,0],"5":[0,0],"6":[0,0]},"meta":{"lastBranch":7,"lastFunction":3,"lastStatement":26,"seen":{"s:4:20:4:Infinity":0,"s:5:20:5:Infinity":1,"s:13:14:13:Infinity":2,"f:13:14:13:15":0,"s:13:30:13:Infinity":3,"f:13:42:13:53":1,"s:13:53:13:76":4,"f:16:22:16:Infinity":2,"b:18:28:18:Infinity":0,"s:20:20:20:Infinity":5,"b:20:20:20:39:20:39:20:Infinity":1,"s:21:20:21:Infinity":6,"b:21:20:21:37:21:37:21:Infinity":2,"s:23:18:23:Infinity":7,"s:25:4:65:Infinity":8,"s:26:8:64:Infinity":9,"s:27:36:27:Infinity":10,"b:29:12:31:Infinity:undefined:undefined:undefined:undefined":3,"s:29:12:31:Infinity":11,"s:30:16:30:Infinity":12,"s:36:12:36:Infinity":13,"b:38:12:42:Infinity:undefined:undefined:undefined:undefined":4,"s:38:12:42:Infinity":14,"s:39:16:39:Infinity":15,"s:40:16:40:Infinity":16,"s:41:16:41:Infinity":17,"s:44:12:44:Infinity":18,"s:47:12:47:Infinity":19,"b:48:12:52:Infinity:undefined:undefined:undefined:undefined":5,"s:48:12:52:Infinity":20,"s:49:16:49:Infinity":21,"s:50:16:50:Infinity":22,"s:51:16:51:Infinity":23,"s:55:12:63:Infinity":24,"b:58:29:58:44:58:44:58:Infinity":6,"s:67:4:67:Infinity":25}}}
,"C:\\Users\\Gustavo Oliveira\\Desktop\\Projetos\\flux v1\\.claude\\worktrees\\elated-shockley-e276bc\\src\\services\\gdprService.ts": {"path":"C:\\Users\\Gustavo Oliveira\\Desktop\\Projetos\\flux v1\\.claude\\worktrees\\elated-shockley-e276bc\\src\\services\\gdprService.ts","statementMap":{"0":{"start":{"line":8,"column":27},"end":{"line":105,"column":null}},"1":{"start":{"line":13,"column":4},"end":{"line":31,"column":null}},"2":{"start":{"line":14,"column":24},"end":{"line":21,"column":null}},"3":{"start":{"line":23,"column":6},"end":{"line":28,"column":null}},"4":{"start":{"line":24,"column":8},"end":{"line":24,"column":null}},"5":{"start":{"line":27,"column":8},"end":{"line":27,"column":null}},"6":{"start":{"line":30,"column":6},"end":{"line":30,"column":null}},"7":{"start":{"line":38,"column":4},"end":{"line":53,"column":null}},"8":{"start":{"line":39,"column":30},"end":{"line":42,"column":null}},"9":{"start":{"line":44,"column":6},"end":{"line":47,"column":null}},"10":{"start":{"line":45,"column":8},"end":{"line":45,"column":null}},"11":{"start":{"line":46,"column":8},"end":{"line":46,"column":null}},"12":{"start":{"line":49,"column":6},"end":{"line":49,"column":null}},"13":{"start":{"line":51,"column":6},"end":{"line":51,"column":null}},"14":{"start":{"line":52,"column":6},"end":{"line":52,"column":null}},"15":{"start":{"line":60,"column":4},"end":{"line":78,"column":null}},"16":{"start":{"line":61,"column":30},"end":{"line":67,"column":null}},"17":{"start":{"line":69,"column":6},"end":{"line":72,"column":null}},"18":{"start":{"line":70,"column":8},"end":{"line":70,"column":null}},"19":{"start":{"line":71,"column":8},"end":{"line":71,"column":null}},"20":{"start":{"line":74,"column":6},"end":{"line":74,"column":null}},"21":{"start":{"line":76,"column":6},"end":{"line":76,"column":null}},"22":{"start":{"line":77,"column":6},"end":{"line":77,"column":null}},"23":{"start":{"line":85,"column":4},"end":{"line":103,"column":null}},"24":{"start":{"line":86,"column":30},"end":{"line":92,"column":null}},"25":{"start":{"line":94,"column":6},"end":{"line":97,"column":null}},"26":{"start":{"line":95,"column":8},"end":{"line":95,"column":null}},"27":{"start":{"line":96,"column":8},"end":{"line":96,"column":null}},"28":{"start":{"line":99,"column":6},"end":{"line":99,"column":null}},"29":{"start":{"line":101,"column":6},"end":{"line":101,"column":null}},"30":{"start":{"line":102,"column":6},"end":{"line":102,"column":null}}},"fnMap":{"0":{"name":"(anonymous_0)","decl":{"start":{"line":12,"column":8},"end":{"line":12,"column":32}},"loc":{"start":{"line":12,"column":67},"end":{"line":32,"column":null}},"line":12},"1":{"name":"(anonymous_1)","decl":{"start":{"line":37,"column":8},"end":{"line":37,"column":27}},"loc":{"start":{"line":37,"column":61},"end":{"line":54,"column":null}},"line":37},"2":{"name":"(anonymous_2)","decl":{"start":{"line":59,"column":8},"end":{"line":59,"column":26}},"loc":{"start":{"line":59,"column":98},"end":{"line":79,"column":null}},"line":59},"3":{"name":"(anonymous_3)","decl":{"start":{"line":84,"column":8},"end":{"line":84,"column":25}},"loc":{"start":{"line":84,"column":89},"end":{"line":104,"column":null}},"line":84}},"branchMap":{"0":{"loc":{"start":{"line":23,"column":6},"end":{"line":28,"column":null}},"type":"if","locations":[{"start":{"line":23,"column":6},"end":{"line":28,"column":null}},{"start":{"line":26,"column":13},"end":{"line":28,"column":null}}],"line":23},"1":{"loc":{"start":{"line":44,"column":6},"end":{"line":47,"column":null}},"type":"if","locations":[{"start":{"line":44,"column":6},"end":{"line":47,"column":null}},{"start":{},"end":{}}],"line":44},"2":{"loc":{"start":{"line":59,"column":46},"end":{"line":59,"column":98}},"type":"default-arg","locations":[{"start":{"line":59,"column":63},"end":{"line":59,"column":98}}],"line":59},"3":{"loc":{"start":{"line":69,"column":6},"end":{"line":72,"column":null}},"type":"if","locations":[{"start":{"line":69,"column":6},"end":{"line":72,"column":null}},{"start":{},"end":{}}],"line":69},"4":{"loc":{"start":{"line":84,"column":45},"end":{"line":84,"column":89}},"type":"default-arg","locations":[{"start":{"line":84,"column":66},"end":{"line":84,"column":89}}],"line":84},"5":{"loc":{"start":{"line":94,"column":6},"end":{"line":97,"column":null}},"type":"if","locations":[{"start":{"line":94,"column":6},"end":{"line":97,"column":null}},{"start":{},"end":{}}],"line":94},"6":{"loc":{"start":{"line":99,"column":13},"end":{"line":99,"column":null}},"type":"binary-expr","locations":[{"start":{"line":99,"column":13},"end":{"line":99,"column":21}},{"start":{"line":99,"column":21},"end":{"line":99,"column":null}}],"line":99}},"s":{"0":1,"1":3,"2":3,"3":3,"4":1,"5":2,"6":0,"7":3,"8":3,"9":3,"10":1,"11":1,"12":2,"13":1,"14":1,"15":3,"16":3,"17":3,"18":1,"19":1,"20":2,"21":1,"22":1,"23":3,"24":3,"25":3,"26":1,"27":1,"28":2,"29":0,"30":0},"f":{"0":3,"1":3,"2":3,"3":3},"b":{"0":[1,2],"1":[1,2],"2":[3],"3":[1,2],"4":[3],"5":[1,2],"6":[2,2]},"meta":{"lastBranch":7,"lastFunction":4,"lastStatement":31,"seen":{"s:8:27:105:Infinity":0,"f:12:8:12:32":0,"s:13:4:31:Infinity":1,"s:14:24:21:Infinity":2,"b:23:6:28:Infinity:26:13:28:Infinity":0,"s:23:6:28:Infinity":3,"s:24:8:24:Infinity":4,"s:27:8:27:Infinity":5,"s:30:6:30:Infinity":6,"f:37:8:37:27":1,"s:38:4:53:Infinity":7,"s:39:30:42:Infinity":8,"b:44:6:47:Infinity:undefined:undefined:undefined:undefined":1,"s:44:6:47:Infinity":9,"s:45:8:45:Infinity":10,"s:46:8:46:Infinity":11,"s:49:6:49:Infinity":12,"s:51:6:51:Infinity":13,"s:52:6:52:Infinity":14,"f:59:8:59:26":2,"b:59:63:59:98":2,"s:60:4:78:Infinity":15,"s:61:30:67:Infinity":16,"b:69:6:72:Infinity:undefined:undefined:undefined:undefined":3,"s:69:6:72:Infinity":17,"s:70:8:70:Infinity":18,"s:71:8:71:Infinity":19,"s:74:6:74:Infinity":20,"s:76:6:76:Infinity":21,"s:77:6:77:Infinity":22,"f:84:8:84:25":3,"b:84:66:84:89":4,"s:85:4:103:Infinity":23,"s:86:30:92:Infinity":24,"b:94:6:97:Infinity:undefined:undefined:undefined:undefined":5,"s:94:6:97:Infinity":25,"s:95:8:95:Infinity":26,"s:96:8:96:Infinity":27,"s:99:6:99:Infinity":28,"b:99:13:99:21:99:21:99:Infinity":6,"s:101:6:101:Infinity":29,"s:102:6:102:Infinity":30}}}
,"C:\\Users\\Gustavo Oliveira\\Desktop\\Projetos\\flux v1\\.claude\\worktrees\\elated-shockley-e276bc\\src\\services\\insightsService.ts": {"path":"C:\\Users\\Gustavo Oliveira\\Desktop\\Projetos\\flux v1\\.claude\\worktrees\\elated-shockley-e276bc\\src\\services\\insightsService.ts","statementMap":{"0":{"start":{"line":23,"column":36},"end":{"line":106,"column":null}},"1":{"start":{"line":29,"column":23},"end":{"line":29,"column":null}},"2":{"start":{"line":30,"column":4},"end":{"line":32,"column":null}},"3":{"start":{"line":31,"column":8},"end":{"line":31,"column":null}},"4":{"start":{"line":33,"column":31},"end":{"line":33,"column":null}},"5":{"start":{"line":35,"column":4},"end":{"line":35,"column":null}},"6":{"start":{"line":35,"column":19},"end":{"line":35,"column":null}},"7":{"start":{"line":38,"column":48},"end":{"line":53,"column":null}},"8":{"start":{"line":55,"column":39},"end":{"line":103,"column":null}},"9":{"start":{"line":56,"column":28},"end":{"line":56,"column":null}},"10":{"start":{"line":56,"column":57},"end":{"line":56,"column":78}},"11":{"start":{"line":57,"column":25},"end":{"line":57,"column":null}},"12":{"start":{"line":57,"column":51},"end":{"line":57,"column":72}},"13":{"start":{"line":58,"column":24},"end":{"line":58,"column":null}},"14":{"start":{"line":58,"column":49},"end":{"line":58,"column":70}},"15":{"start":{"line":60,"column":40},"end":{"line":67,"column":null}},"16":{"start":{"line":62,"column":51},"end":{"line":62,"column":68}},"17":{"start":{"line":63,"column":57},"end":{"line":63,"column":80}},"18":{"start":{"line":64,"column":62},"end":{"line":64,"column":122}},"19":{"start":{"line":69,"column":21},"end":{"line":69,"column":null}},"20":{"start":{"line":72,"column":34},"end":{"line":72,"column":null}},"21":{"start":{"line":72,"column":58},"end":{"line":72,"column":81}},"22":{"start":{"line":73,"column":52},"end":{"line":73,"column":null}},"23":{"start":{"line":74,"column":8},"end":{"line":77,"column":null}},"24":{"start":{"line":75,"column":26},"end":{"line":75,"column":null}},"25":{"start":{"line":76,"column":12},"end":{"line":76,"column":null}},"26":{"start":{"line":78,"column":26},"end":{"line":81,"column":null}},"27":{"start":{"line":79,"column":37},"end":{"line":79,"column":53}},"28":{"start":{"line":80,"column":28},"end":{"line":80,"column":45}},"29":{"start":{"line":84,"column":26},"end":{"line":88,"column":null}},"30":{"start":{"line":85,"column":37},"end":{"line":85,"column":136}},"31":{"start":{"line":86,"column":34},"end":{"line":86,"column":119}},"32":{"start":{"line":87,"column":33},"end":{"line":87,"column":98}},"33":{"start":{"line":88,"column":25},"end":{"line":88,"column":90}},"34":{"start":{"line":90,"column":27},"end":{"line":90,"column":null}},"35":{"start":{"line":92,"column":24},"end":{"line":92,"column":null}},"36":{"start":{"line":94,"column":8},"end":{"line":102,"column":null}},"37":{"start":{"line":105,"column":4},"end":{"line":105,"column":null}},"38":{"start":{"line":108,"column":25},"end":{"line":128,"column":null}},"39":{"start":{"line":110,"column":28},"end":{"line":115,"column":null}},"40":{"start":{"line":117,"column":4},"end":{"line":117,"column":null}},"41":{"start":{"line":117,"column":15},"end":{"line":117,"column":null}},"42":{"start":{"line":120,"column":28},"end":{"line":125,"column":null}},"43":{"start":{"line":127,"column":4},"end":{"line":127,"column":null}},"44":{"start":{"line":130,"column":27},"end":{"line":154,"column":null}},"45":{"start":{"line":131,"column":95},"end":{"line":131,"column":null}},"46":{"start":{"line":133,"column":24},"end":{"line":133,"column":null}},"47":{"start":{"line":136,"column":4},"end":{"line":142,"column":null}},"48":{"start":{"line":141,"column":8},"end":{"line":141,"column":null}},"49":{"start":{"line":145,"column":4},"end":{"line":151,"column":null}},"50":{"start":{"line":150,"column":8},"end":{"line":150,"column":null}},"51":{"start":{"line":153,"column":4},"end":{"line":153,"column":null}},"52":{"start":{"line":156,"column":28},"end":{"line":194,"column":null}},"53":{"start":{"line":163,"column":92},"end":{"line":163,"column":null}},"54":{"start":{"line":165,"column":24},"end":{"line":165,"column":null}},"55":{"start":{"line":167,"column":18},"end":{"line":167,"column":null}},"56":{"start":{"line":168,"column":4},"end":{"line":168,"column":null}},"57":{"start":{"line":169,"column":4},"end":{"line":169,"column":null}},"58":{"start":{"line":171,"column":4},"end":{"line":175,"column":null}},"59":{"start":{"line":172,"column":8},"end":{"line":172,"column":null}},"60":{"start":{"line":172,"column":60},"end":{"line":172,"column":66}},"61":{"start":{"line":174,"column":8},"end":{"line":174,"column":null}},"62":{"start":{"line":177,"column":4},"end":{"line":180,"column":null}},"63":{"start":{"line":178,"column":21},"end":{"line":178,"column":null}},"64":{"start":{"line":179,"column":8},"end":{"line":179,"column":null}},"65":{"start":{"line":183,"column":4},"end":{"line":191,"column":null}},"66":{"start":{"line":184,"column":8},"end":{"line":184,"column":null}},"67":{"start":{"line":185,"column":4},"end":{"line":191,"column":null}},"68":{"start":{"line":186,"column":8},"end":{"line":186,"column":null}},"69":{"start":{"line":187,"column":4},"end":{"line":191,"column":null}},"70":{"start":{"line":188,"column":8},"end":{"line":188,"column":null}},"71":{"start":{"line":190,"column":8},"end":{"line":190,"column":null}},"72":{"start":{"line":193,"column":4},"end":{"line":193,"column":null}}},"fnMap":{"0":{"name":"(anonymous_0)","decl":{"start":{"line":23,"column":36},"end":{"line":23,"column":null}},"loc":{"start":{"line":27,"column":32},"end":{"line":106,"column":null}},"line":27},"1":{"name":"(anonymous_1)","decl":{"start":{"line":55,"column":52},"end":{"line":55,"column":57}},"loc":{"start":{"line":55,"column":57},"end":{"line":103,"column":5}},"line":55},"2":{"name":"(anonymous_2)","decl":{"start":{"line":56,"column":52},"end":{"line":56,"column":57}},"loc":{"start":{"line":56,"column":57},"end":{"line":56,"column":78}},"line":56},"3":{"name":"(anonymous_3)","decl":{"start":{"line":57,"column":46},"end":{"line":57,"column":51}},"loc":{"start":{"line":57,"column":51},"end":{"line":57,"column":72}},"line":57},"4":{"name":"(anonymous_4)","decl":{"start":{"line":58,"column":44},"end":{"line":58,"column":49}},"loc":{"start":{"line":58,"column":49},"end":{"line":58,"column":70}},"line":58},"5":{"name":"(anonymous_5)","decl":{"start":{"line":62,"column":46},"end":{"line":62,"column":51}},"loc":{"start":{"line":62,"column":51},"end":{"line":62,"column":68}},"line":62},"6":{"name":"(anonymous_6)","decl":{"start":{"line":63,"column":52},"end":{"line":63,"column":57}},"loc":{"start":{"line":63,"column":57},"end":{"line":63,"column":80}},"line":63},"7":{"name":"(anonymous_7)","decl":{"start":{"line":64,"column":57},"end":{"line":64,"column":62}},"loc":{"start":{"line":64,"column":62},"end":{"line":64,"column":122}},"line":64},"8":{"name":"(anonymous_8)","decl":{"start":{"line":72,"column":53},"end":{"line":72,"column":58}},"loc":{"start":{"line":72,"column":58},"end":{"line":72,"column":81}},"line":72},"9":{"name":"(anonymous_9)","decl":{"start":{"line":74,"column":34},"end":{"line":74,"column":39}},"loc":{"start":{"line":74,"column":39},"end":{"line":77,"column":9}},"line":74},"10":{"name":"(anonymous_10)","decl":{"start":{"line":79,"column":17},"end":{"line":79,"column":18}},"loc":{"start":{"line":79,"column":37},"end":{"line":79,"column":53}},"line":79},"11":{"name":"(anonymous_11)","decl":{"start":{"line":80,"column":18},"end":{"line":80,"column":19}},"loc":{"start":{"line":80,"column":28},"end":{"line":80,"column":45}},"line":80},"12":{"name":"(anonymous_12)","decl":{"start":{"line":85,"column":31},"end":{"line":85,"column":37}},"loc":{"start":{"line":85,"column":37},"end":{"line":85,"column":136}},"line":85},"13":{"name":"(anonymous_13)","decl":{"start":{"line":86,"column":28},"end":{"line":86,"column":34}},"loc":{"start":{"line":86,"column":34},"end":{"line":86,"column":119}},"line":86},"14":{"name":"(anonymous_14)","decl":{"start":{"line":87,"column":27},"end":{"line":87,"column":33}},"loc":{"start":{"line":87,"column":33},"end":{"line":87,"column":98}},"line":87},"15":{"name":"(anonymous_15)","decl":{"start":{"line":88,"column":15},"end":{"line":88,"column":16}},"loc":{"start":{"line":88,"column":25},"end":{"line":88,"column":90}},"line":88},"16":{"name":"(anonymous_16)","decl":{"start":{"line":108,"column":25},"end":{"line":108,"column":32}},"loc":{"start":{"line":108,"column":87},"end":{"line":128,"column":null}},"line":108},"17":{"name":"(anonymous_17)","decl":{"start":{"line":130,"column":27},"end":{"line":130,"column":28}},"loc":{"start":{"line":130,"column":90},"end":{"line":154,"column":null}},"line":130},"18":{"name":"(anonymous_18)","decl":{"start":{"line":156,"column":28},"end":{"line":156,"column":null}},"loc":{"start":{"line":162,"column":13},"end":{"line":194,"column":null}},"line":162},"19":{"name":"(anonymous_19)","decl":{"start":{"line":172,"column":55},"end":{"line":172,"column":60}},"loc":{"start":{"line":172,"column":60},"end":{"line":172,"column":66}},"line":172}},"branchMap":{"0":{"loc":{"start":{"line":30,"column":4},"end":{"line":32,"column":null}},"type":"if","locations":[{"start":{"line":30,"column":4},"end":{"line":32,"column":null}},{"start":{},"end":{}}],"line":30},"1":{"loc":{"start":{"line":35,"column":4},"end":{"line":35,"column":null}},"type":"if","locations":[{"start":{"line":35,"column":4},"end":{"line":35,"column":null}},{"start":{},"end":{}}],"line":35},"2":{"loc":{"start":{"line":56,"column":28},"end":{"line":56,"column":null}},"type":"binary-expr","locations":[{"start":{"line":56,"column":28},"end":{"line":56,"column":83}},{"start":{"line":56,"column":83},"end":{"line":56,"column":null}}],"line":56},"3":{"loc":{"start":{"line":57,"column":25},"end":{"line":57,"column":null}},"type":"binary-expr","locations":[{"start":{"line":57,"column":25},"end":{"line":57,"column":77}},{"start":{"line":57,"column":77},"end":{"line":57,"column":null}}],"line":57},"4":{"loc":{"start":{"line":64,"column":62},"end":{"line":64,"column":122}},"type":"binary-expr","locations":[{"start":{"line":64,"column":62},"end":{"line":64,"column":94}},{"start":{"line":64,"column":94},"end":{"line":64,"column":122}}],"line":64},"5":{"loc":{"start":{"line":75,"column":26},"end":{"line":75,"column":null}},"type":"binary-expr","locations":[{"start":{"line":75,"column":26},"end":{"line":75,"column":56}},{"start":{"line":75,"column":56},"end":{"line":75,"column":null}}],"line":75},"6":{"loc":{"start":{"line":76,"column":33},"end":{"line":76,"column":59}},"type":"binary-expr","locations":[{"start":{"line":76,"column":33},"end":{"line":76,"column":54}},{"start":{"line":76,"column":54},"end":{"line":76,"column":59}}],"line":76},"7":{"loc":{"start":{"line":85,"column":92},"end":{"line":85,"column":134}},"type":"binary-expr","locations":[{"start":{"line":85,"column":92},"end":{"line":85,"column":122}},{"start":{"line":85,"column":122},"end":{"line":85,"column":134}}],"line":85},"8":{"loc":{"start":{"line":86,"column":85},"end":{"line":86,"column":117}},"type":"binary-expr","locations":[{"start":{"line":86,"column":85},"end":{"line":86,"column":97}},{"start":{"line":86,"column":97},"end":{"line":86,"column":117}}],"line":86},"9":{"loc":{"start":{"line":117,"column":4},"end":{"line":117,"column":null}},"type":"if","locations":[{"start":{"line":117,"column":4},"end":{"line":117,"column":null}},{"start":{},"end":{}}],"line":117},"10":{"loc":{"start":{"line":127,"column":11},"end":{"line":127,"column":null}},"type":"binary-expr","locations":[{"start":{"line":127,"column":11},"end":{"line":127,"column":20}},{"start":{"line":127,"column":20},"end":{"line":127,"column":null}}],"line":127},"11":{"loc":{"start":{"line":133,"column":24},"end":{"line":133,"column":null}},"type":"cond-expr","locations":[{"start":{"line":133,"column":47},"end":{"line":133,"column":88}},{"start":{"line":133,"column":88},"end":{"line":133,"column":null}}],"line":133},"12":{"loc":{"start":{"line":136,"column":4},"end":{"line":142,"column":null}},"type":"if","locations":[{"start":{"line":136,"column":4},"end":{"line":142,"column":null}},{"start":{},"end":{}}],"line":136},"13":{"loc":{"start":{"line":137,"column":8},"end":{"line":139,"column":null}},"type":"binary-expr","locations":[{"start":{"line":137,"column":8},"end":{"line":137,"column":null}},{"start":{"line":138,"column":9},"end":{"line":138,"column":32}},{"start":{"line":138,"column":32},"end":{"line":138,"column":null}},{"start":{"line":139,"column":8},"end":{"line":139,"column":null}}],"line":137},"14":{"loc":{"start":{"line":145,"column":4},"end":{"line":151,"column":null}},"type":"if","locations":[{"start":{"line":145,"column":4},"end":{"line":151,"column":null}},{"start":{},"end":{}}],"line":145},"15":{"loc":{"start":{"line":146,"column":8},"end":{"line":148,"column":null}},"type":"binary-expr","locations":[{"start":{"line":146,"column":8},"end":{"line":146,"column":null}},{"start":{"line":147,"column":9},"end":{"line":147,"column":32}},{"start":{"line":147,"column":32},"end":{"line":147,"column":null}},{"start":{"line":148,"column":8},"end":{"line":148,"column":null}}],"line":146},"16":{"loc":{"start":{"line":171,"column":4},"end":{"line":175,"column":null}},"type":"if","locations":[{"start":{"line":171,"column":4},"end":{"line":175,"column":null}},{"start":{"line":173,"column":11},"end":{"line":175,"column":null}}],"line":171},"17":{"loc":{"start":{"line":177,"column":4},"end":{"line":180,"column":null}},"type":"if","locations":[{"start":{"line":177,"column":4},"end":{"line":180,"column":null}},{"start":{},"end":{}}],"line":177},"18":{"loc":{"start":{"line":183,"column":4},"end":{"line":191,"column":null}},"type":"if","locations":[{"start":{"line":183,"column":4},"end":{"line":191,"column":null}},{"start":{"line":185,"column":4},"end":{"line":191,"column":null}}],"line":183},"19":{"loc":{"start":{"line":185,"column":4},"end":{"line":191,"column":null}},"type":"if","locations":[{"start":{"line":185,"column":4},"end":{"line":191,"column":null}},{"start":{"line":187,"column":4},"end":{"line":191,"column":null}}],"line":185},"20":{"loc":{"start":{"line":187,"column":4},"end":{"line":191,"column":null}},"type":"if","locations":[{"start":{"line":187,"column":4},"end":{"line":191,"column":null}},{"start":{"line":189,"column":11},"end":{"line":191,"column":null}}],"line":187}},"s":{"0":0,"1":0,"2":0,"3":0,"4":0,"5":0,"6":0,"7":0,"8":0,"9":0,"10":0,"11":0,"12":0,"13":0,"14":0,"15":0,"16":0,"17":0,"18":0,"19":0,"20":0,"21":0,"22":0,"23":0,"24":0,"25":0,"26":0,"27":0,"28":0,"29":0,"30":0,"31":0,"32":0,"33":0,"34":0,"35":0,"36":0,"37":0,"38":0,"39":0,"40":0,"41":0,"42":0,"43":0,"44":0,"45":0,"46":0,"47":0,"48":0,"49":0,"50":0,"51":0,"52":0,"53":0,"54":0,"55":0,"56":0,"57":0,"58":0,"59":0,"60":0,"61":0,"62":0,"63":0,"64":0,"65":0,"66":0,"67":0,"68":0,"69":0,"70":0,"71":0,"72":0},"f":{"0":0,"1":0,"2":0,"3":0,"4":0,"5":0,"6":0,"7":0,"8":0,"9":0,"10":0,"11":0,"12":0,"13":0,"14":0,"15":0,"16":0,"17":0,"18":0,"19":0},"b":{"0":[0,0],"1":[0,0],"2":[0,0],"3":[0,0],"4":[0,0],"5":[0,0],"6":[0,0],"7":[0,0],"8":[0,0],"9":[0,0],"10":[0,0],"11":[0,0],"12":[0,0],"13":[0,0,0,0],"14":[0,0],"15":[0,0,0,0],"16":[0,0],"17":[0,0],"18":[0,0],"19":[0,0],"20":[0,0]},"meta":{"lastBranch":21,"lastFunction":20,"lastStatement":73,"seen":{"s:23:36:106:Infinity":0,"f:23:36:23:Infinity":0,"s:29:23:29:Infinity":1,"b:30:4:32:Infinity:undefined:undefined:undefined:undefined":0,"s:30:4:32:Infinity":2,"s:31:8:31:Infinity":3,"s:33:31:33:Infinity":4,"b:35:4:35:Infinity:undefined:undefined:undefined:undefined":1,"s:35:4:35:Infinity":5,"s:35:19:35:Infinity":6,"s:38:48:53:Infinity":7,"s:55:39:103:Infinity":8,"f:55:52:55:57":1,"s:56:28:56:Infinity":9,"b:56:28:56:83:56:83:56:Infinity":2,"f:56:52:56:57":2,"s:56:57:56:78":10,"s:57:25:57:Infinity":11,"b:57:25:57:77:57:77:57:Infinity":3,"f:57:46:57:51":3,"s:57:51:57:72":12,"s:58:24:58:Infinity":13,"f:58:44:58:49":4,"s:58:49:58:70":14,"s:60:40:67:Infinity":15,"f:62:46:62:51":5,"s:62:51:62:68":16,"f:63:52:63:57":6,"s:63:57:63:80":17,"f:64:57:64:62":7,"s:64:62:64:122":18,"b:64:62:64:94:64:94:64:122":4,"s:69:21:69:Infinity":19,"s:72:34:72:Infinity":20,"f:72:53:72:58":8,"s:72:58:72:81":21,"s:73:52:73:Infinity":22,"s:74:8:77:Infinity":23,"f:74:34:74:39":9,"s:75:26:75:Infinity":24,"b:75:26:75:56:75:56:75:Infinity":5,"s:76:12:76:Infinity":25,"b:76:33:76:54:76:54:76:59":6,"s:78:26:81:Infinity":26,"f:79:17:79:18":10,"s:79:37:79:53":27,"f:80:18:80:19":11,"s:80:28:80:45":28,"s:84:26:88:Infinity":29,"f:85:31:85:37":12,"s:85:37:85:136":30,"b:85:92:85:122:85:122:85:134":7,"f:86:28:86:34":13,"s:86:34:86:119":31,"b:86:85:86:97:86:97:86:117":8,"f:87:27:87:33":14,"s:87:33:87:98":32,"f:88:15:88:16":15,"s:88:25:88:90":33,"s:90:27:90:Infinity":34,"s:92:24:92:Infinity":35,"s:94:8:102:Infinity":36,"s:105:4:105:Infinity":37,"s:108:25:128:Infinity":38,"f:108:25:108:32":16,"s:110:28:115:Infinity":39,"b:117:4:117:Infinity:undefined:undefined:undefined:undefined":9,"s:117:4:117:Infinity":40,"s:117:15:117:Infinity":41,"s:120:28:125:Infinity":42,"s:127:4:127:Infinity":43,"b:127:11:127:20:127:20:127:Infinity":10,"s:130:27:154:Infinity":44,"f:130:27:130:28":17,"s:131:95:131:Infinity":45,"s:133:24:133:Infinity":46,"b:133:47:133:88:133:88:133:Infinity":11,"b:136:4:142:Infinity:undefined:undefined:undefined:undefined":12,"s:136:4:142:Infinity":47,"b:137:8:137:Infinity:138:9:138:32:138:32:138:Infinity:139:8:139:Infinity":13,"s:141:8:141:Infinity":48,"b:145:4:151:Infinity:undefined:undefined:undefined:undefined":14,"s:145:4:151:Infinity":49,"b:146:8:146:Infinity:147:9:147:32:147:32:147:Infinity:148:8:148:Infinity":15,"s:150:8:150:Infinity":50,"s:153:4:153:Infinity":51,"s:156:28:194:Infinity":52,"f:156:28:156:Infinity":18,"s:163:92:163:Infinity":53,"s:165:24:165:Infinity":54,"s:167:18:167:Infinity":55,"s:168:4:168:Infinity":56,"s:169:4:169:Infinity":57,"b:171:4:175:Infinity:173:11:175:Infinity":16,"s:171:4:175:Infinity":58,"s:172:8:172:Infinity":59,"f:172:55:172:60":19,"s:172:60:172:66":60,"s:174:8:174:Infinity":61,"b:177:4:180:Infinity:undefined:undefined:undefined:undefined":17,"s:177:4:180:Infinity":62,"s:178:21:178:Infinity":63,"s:179:8:179:Infinity":64,"b:183:4:191:Infinity:185:4:191:Infinity":18,"s:183:4:191:Infinity":65,"s:184:8:184:Infinity":66,"b:185:4:191:Infinity:187:4:191:Infinity":19,"s:185:4:191:Infinity":67,"s:186:8:186:Infinity":68,"b:187:4:191:Infinity:189:11:191:Infinity":20,"s:187:4:191:Infinity":69,"s:188:8:188:Infinity":70,"s:190:8:190:Infinity":71,"s:193:4:193:Infinity":72}}}
,"C:\\Users\\Gustavo Oliveira\\Desktop\\Projetos\\flux v1\\.claude\\worktrees\\elated-shockley-e276bc\\src\\services\\kaizenService.ts": {"path":"C:\\Users\\Gustavo Oliveira\\Desktop\\Projetos\\flux v1\\.claude\\worktrees\\elated-shockley-e276bc\\src\\services\\kaizenService.ts","statementMap":{"0":{"start":{"line":39,"column":35},"end":{"line":92,"column":null}},"1":{"start":{"line":45,"column":40},"end":{"line":45,"column":null}},"2":{"start":{"line":48,"column":4},"end":{"line":52,"column":null}},"3":{"start":{"line":49,"column":19},"end":{"line":49,"column":null}},"4":{"start":{"line":50,"column":8},"end":{"line":50,"column":null}},"5":{"start":{"line":50,"column":25},"end":{"line":50,"column":null}},"6":{"start":{"line":51,"column":8},"end":{"line":51,"column":null}},"7":{"start":{"line":54,"column":4},"end":{"line":57,"column":null}},"8":{"start":{"line":55,"column":19},"end":{"line":55,"column":null}},"9":{"start":{"line":56,"column":8},"end":{"line":56,"column":null}},"10":{"start":{"line":56,"column":24},"end":{"line":56,"column":null}},"11":{"start":{"line":59,"column":4},"end":{"line":62,"column":null}},"12":{"start":{"line":60,"column":19},"end":{"line":60,"column":null}},"13":{"start":{"line":61,"column":8},"end":{"line":61,"column":null}},"14":{"start":{"line":61,"column":24},"end":{"line":61,"column":null}},"15":{"start":{"line":64,"column":4},"end":{"line":91,"column":null}},"16":{"start":{"line":65,"column":22},"end":{"line":65,"column":null}},"17":{"start":{"line":66,"column":29},"end":{"line":66,"column":null}},"18":{"start":{"line":66,"column":64},"end":{"line":66,"column":124}},"19":{"start":{"line":67,"column":25},"end":{"line":67,"column":null}},"20":{"start":{"line":67,"column":60},"end":{"line":67,"column":83}},"21":{"start":{"line":69,"column":33},"end":{"line":69,"column":null}},"22":{"start":{"line":70,"column":29},"end":{"line":70,"column":null}},"23":{"start":{"line":72,"column":48},"end":{"line":72,"column":null}},"24":{"start":{"line":74,"column":8},"end":{"line":78,"column":null}},"25":{"start":{"line":75,"column":12},"end":{"line":75,"column":null}},"26":{"start":{"line":76,"column":8},"end":{"line":78,"column":null}},"27":{"start":{"line":77,"column":12},"end":{"line":77,"column":null}},"28":{"start":{"line":80,"column":8},"end":{"line":90,"column":null}},"29":{"start":{"line":94,"column":30},"end":{"line":206,"column":null}},"30":{"start":{"line":101,"column":42},"end":{"line":101,"column":null}},"31":{"start":{"line":102,"column":40},"end":{"line":102,"column":null}},"32":{"start":{"line":105,"column":4},"end":{"line":120,"column":null}},"33":{"start":{"line":106,"column":25},"end":{"line":108,"column":null}},"34":{"start":{"line":107,"column":25},"end":{"line":107,"column":85}},"35":{"start":{"line":108,"column":23},"end":{"line":108,"column":95}},"36":{"start":{"line":110,"column":38},"end":{"line":117,"column":null}},"37":{"start":{"line":118,"column":8},"end":{"line":118,"column":null}},"38":{"start":{"line":119,"column":8},"end":{"line":119,"column":null}},"39":{"start":{"line":119,"column":51},"end":{"line":119,"column":null}},"40":{"start":{"line":123,"column":93},"end":{"line":123,"column":null}},"41":{"start":{"line":124,"column":4},"end":{"line":130,"column":null}},"42":{"start":{"line":124,"column":27},"end":{"line":124,"column":50}},"43":{"start":{"line":125,"column":20},"end":{"line":125,"column":null}},"44":{"start":{"line":126,"column":8},"end":{"line":126,"column":null}},"45":{"start":{"line":126,"column":33},"end":{"line":126,"column":null}},"46":{"start":{"line":127,"column":8},"end":{"line":127,"column":null}},"47":{"start":{"line":128,"column":8},"end":{"line":128,"column":null}},"48":{"start":{"line":129,"column":8},"end":{"line":129,"column":null}},"49":{"start":{"line":132,"column":4},"end":{"line":145,"column":null}},"50":{"start":{"line":133,"column":8},"end":{"line":144,"column":null}},"51":{"start":{"line":134,"column":42},"end":{"line":141,"column":null}},"52":{"start":{"line":139,"column":53},"end":{"line":139,"column":113}},"53":{"start":{"line":142,"column":12},"end":{"line":142,"column":null}},"54":{"start":{"line":143,"column":12},"end":{"line":143,"column":null}},"55":{"start":{"line":143,"column":33},"end":{"line":143,"column":null}},"56":{"start":{"line":148,"column":90},"end":{"line":148,"column":null}},"57":{"start":{"line":149,"column":4},"end":{"line":155,"column":null}},"58":{"start":{"line":150,"column":20},"end":{"line":150,"column":null}},"59":{"start":{"line":151,"column":8},"end":{"line":151,"column":null}},"60":{"start":{"line":151,"column":30},"end":{"line":151,"column":null}},"61":{"start":{"line":152,"column":8},"end":{"line":152,"column":null}},"62":{"start":{"line":153,"column":8},"end":{"line":153,"column":null}},"63":{"start":{"line":154,"column":8},"end":{"line":154,"column":null}},"64":{"start":{"line":157,"column":4},"end":{"line":168,"column":null}},"65":{"start":{"line":158,"column":8},"end":{"line":167,"column":null}},"66":{"start":{"line":159,"column":12},"end":{"line":166,"column":null}},"67":{"start":{"line":164,"column":53},"end":{"line":164,"column":114}},"68":{"start":{"line":171,"column":4},"end":{"line":180,"column":null}},"69":{"start":{"line":172,"column":8},"end":{"line":179,"column":null}},"70":{"start":{"line":177,"column":53},"end":{"line":177,"column":115}},"71":{"start":{"line":183,"column":25},"end":{"line":183,"column":null}},"72":{"start":{"line":183,"column":48},"end":{"line":183,"column":79}},"73":{"start":{"line":184,"column":4},"end":{"line":193,"column":null}},"74":{"start":{"line":185,"column":8},"end":{"line":192,"column":null}},"75":{"start":{"line":195,"column":4},"end":{"line":205,"column":null}},"76":{"start":{"line":197,"column":25},"end":{"line":197,"column":null}},"77":{"start":{"line":198,"column":12},"end":{"line":198,"column":null}},"78":{"start":{"line":201,"column":25},"end":{"line":201,"column":null}},"79":{"start":{"line":202,"column":12},"end":{"line":202,"column":null}}},"fnMap":{"0":{"name":"(anonymous_0)","decl":{"start":{"line":39,"column":35},"end":{"line":39,"column":null}},"loc":{"start":{"line":44,"column":27},"end":{"line":92,"column":null}},"line":44},"1":{"name":"(anonymous_1)","decl":{"start":{"line":48,"column":23},"end":{"line":48,"column":28}},"loc":{"start":{"line":48,"column":28},"end":{"line":52,"column":5}},"line":48},"2":{"name":"(anonymous_2)","decl":{"start":{"line":54,"column":20},"end":{"line":54,"column":25}},"loc":{"start":{"line":54,"column":25},"end":{"line":57,"column":5}},"line":54},"3":{"name":"(anonymous_3)","decl":{"start":{"line":59,"column":19},"end":{"line":59,"column":24}},"loc":{"start":{"line":59,"column":24},"end":{"line":62,"column":5}},"line":59},"4":{"name":"(anonymous_4)","decl":{"start":{"line":64,"column":38},"end":{"line":64,"column":39}},"loc":{"start":{"line":64,"column":54},"end":{"line":91,"column":5}},"line":64},"5":{"name":"(anonymous_5)","decl":{"start":{"line":66,"column":52},"end":{"line":66,"column":53}},"loc":{"start":{"line":66,"column":64},"end":{"line":66,"column":124}},"line":66},"6":{"name":"(anonymous_6)","decl":{"start":{"line":67,"column":48},"end":{"line":67,"column":49}},"loc":{"start":{"line":67,"column":60},"end":{"line":67,"column":83}},"line":67},"7":{"name":"(anonymous_7)","decl":{"start":{"line":94,"column":30},"end":{"line":94,"column":null}},"loc":{"start":{"line":100,"column":19},"end":{"line":206,"column":null}},"line":100},"8":{"name":"(anonymous_8)","decl":{"start":{"line":107,"column":20},"end":{"line":107,"column":25}},"loc":{"start":{"line":107,"column":25},"end":{"line":107,"column":85}},"line":107},"9":{"name":"(anonymous_9)","decl":{"start":{"line":108,"column":17},"end":{"line":108,"column":23}},"loc":{"start":{"line":108,"column":23},"end":{"line":108,"column":95}},"line":108},"10":{"name":"(anonymous_10)","decl":{"start":{"line":124,"column":22},"end":{"line":124,"column":27}},"loc":{"start":{"line":124,"column":27},"end":{"line":124,"column":50}},"line":124},"11":{"name":"(anonymous_11)","decl":{"start":{"line":124,"column":60},"end":{"line":124,"column":65}},"loc":{"start":{"line":124,"column":65},"end":{"line":130,"column":5}},"line":124},"12":{"name":"(anonymous_12)","decl":{"start":{"line":132,"column":42},"end":{"line":132,"column":43}},"loc":{"start":{"line":132,"column":60},"end":{"line":145,"column":5}},"line":132},"13":{"name":"(anonymous_13)","decl":{"start":{"line":139,"column":41},"end":{"line":139,"column":42}},"loc":{"start":{"line":139,"column":53},"end":{"line":139,"column":113}},"line":139},"14":{"name":"(anonymous_14)","decl":{"start":{"line":149,"column":20},"end":{"line":149,"column":25}},"loc":{"start":{"line":149,"column":25},"end":{"line":155,"column":5}},"line":149},"15":{"name":"(anonymous_15)","decl":{"start":{"line":157,"column":39},"end":{"line":157,"column":40}},"loc":{"start":{"line":157,"column":59},"end":{"line":168,"column":5}},"line":157},"16":{"name":"(anonymous_16)","decl":{"start":{"line":164,"column":41},"end":{"line":164,"column":42}},"loc":{"start":{"line":164,"column":53},"end":{"line":164,"column":114}},"line":164},"17":{"name":"(anonymous_17)","decl":{"start":{"line":177,"column":47},"end":{"line":177,"column":53}},"loc":{"start":{"line":177,"column":53},"end":{"line":177,"column":115}},"line":177},"18":{"name":"(anonymous_18)","decl":{"start":{"line":183,"column":43},"end":{"line":183,"column":48}},"loc":{"start":{"line":183,"column":48},"end":{"line":183,"column":79}},"line":183},"19":{"name":"(anonymous_19)","decl":{"start":{"line":196,"column":40},"end":{"line":196,"column":41}},"loc":{"start":{"line":196,"column":50},"end":{"line":199,"column":9}},"line":196},"20":{"name":"(anonymous_20)","decl":{"start":{"line":200,"column":34},"end":{"line":200,"column":35}},"loc":{"start":{"line":200,"column":44},"end":{"line":203,"column":9}},"line":200}},"branchMap":{"0":{"loc":{"start":{"line":49,"column":19},"end":{"line":49,"column":null}},"type":"binary-expr","locations":[{"start":{"line":49,"column":19},"end":{"line":49,"column":36}},{"start":{"line":49,"column":36},"end":{"line":49,"column":null}}],"line":49},"1":{"loc":{"start":{"line":50,"column":8},"end":{"line":50,"column":null}},"type":"if","locations":[{"start":{"line":50,"column":8},"end":{"line":50,"column":null}},{"start":{},"end":{}}],"line":50},"2":{"loc":{"start":{"line":55,"column":19},"end":{"line":55,"column":null}},"type":"binary-expr","locations":[{"start":{"line":55,"column":19},"end":{"line":55,"column":36}},{"start":{"line":55,"column":36},"end":{"line":55,"column":null}}],"line":55},"3":{"loc":{"start":{"line":56,"column":8},"end":{"line":56,"column":null}},"type":"if","locations":[{"start":{"line":56,"column":8},"end":{"line":56,"column":null}},{"start":{},"end":{}}],"line":56},"4":{"loc":{"start":{"line":60,"column":19},"end":{"line":60,"column":null}},"type":"binary-expr","locations":[{"start":{"line":60,"column":19},"end":{"line":60,"column":36}},{"start":{"line":60,"column":36},"end":{"line":60,"column":null}}],"line":60},"5":{"loc":{"start":{"line":61,"column":8},"end":{"line":61,"column":null}},"type":"if","locations":[{"start":{"line":61,"column":8},"end":{"line":61,"column":null}},{"start":{},"end":{}}],"line":61},"6":{"loc":{"start":{"line":66,"column":64},"end":{"line":66,"column":124}},"type":"binary-expr","locations":[{"start":{"line":66,"column":64},"end":{"line":66,"column":96}},{"start":{"line":66,"column":96},"end":{"line":66,"column":124}}],"line":66},"7":{"loc":{"start":{"line":69,"column":33},"end":{"line":69,"column":null}},"type":"cond-expr","locations":[{"start":{"line":69,"column":45},"end":{"line":69,"column":68}},{"start":{"line":69,"column":68},"end":{"line":69,"column":null}}],"line":69},"8":{"loc":{"start":{"line":70,"column":29},"end":{"line":70,"column":null}},"type":"cond-expr","locations":[{"start":{"line":70,"column":41},"end":{"line":70,"column":60}},{"start":{"line":70,"column":60},"end":{"line":70,"column":null}}],"line":70},"9":{"loc":{"start":{"line":74,"column":8},"end":{"line":78,"column":null}},"type":"if","locations":[{"start":{"line":74,"column":8},"end":{"line":78,"column":null}},{"start":{"line":76,"column":8},"end":{"line":78,"column":null}}],"line":74},"10":{"loc":{"start":{"line":74,"column":12},"end":{"line":74,"column":99}},"type":"binary-expr","locations":[{"start":{"line":74,"column":12},"end":{"line":74,"column":33}},{"start":{"line":74,"column":33},"end":{"line":74,"column":62}},{"start":{"line":74,"column":62},"end":{"line":74,"column":86}},{"start":{"line":74,"column":86},"end":{"line":74,"column":99}}],"line":74},"11":{"loc":{"start":{"line":76,"column":8},"end":{"line":78,"column":null}},"type":"if","locations":[{"start":{"line":76,"column":8},"end":{"line":78,"column":null}},{"start":{},"end":{}}],"line":76},"12":{"loc":{"start":{"line":76,"column":19},"end":{"line":76,"column":79}},"type":"binary-expr","locations":[{"start":{"line":76,"column":19},"end":{"line":76,"column":42}},{"start":{"line":76,"column":42},"end":{"line":76,"column":66}},{"start":{"line":76,"column":66},"end":{"line":76,"column":79}}],"line":76},"13":{"loc":{"start":{"line":82,"column":26},"end":{"line":82,"column":null}},"type":"cond-expr","locations":[{"start":{"line":82,"column":50},"end":{"line":82,"column":81}},{"start":{"line":82,"column":81},"end":{"line":82,"column":null}}],"line":82},"14":{"loc":{"start":{"line":82,"column":81},"end":{"line":82,"column":null}},"type":"binary-expr","locations":[{"start":{"line":82,"column":81},"end":{"line":82,"column":102}},{"start":{"line":82,"column":102},"end":{"line":82,"column":null}}],"line":82},"15":{"loc":{"start":{"line":105,"column":4},"end":{"line":120,"column":null}},"type":"if","locations":[{"start":{"line":105,"column":4},"end":{"line":120,"column":null}},{"start":{},"end":{}}],"line":105},"16":{"loc":{"start":{"line":107,"column":25},"end":{"line":107,"column":85}},"type":"binary-expr","locations":[{"start":{"line":107,"column":25},"end":{"line":107,"column":57}},{"start":{"line":107,"column":57},"end":{"line":107,"column":85}}],"line":107},"17":{"loc":{"start":{"line":119,"column":8},"end":{"line":119,"column":null}},"type":"if","locations":[{"start":{"line":119,"column":8},"end":{"line":119,"column":null}},{"start":{},"end":{}}],"line":119},"18":{"loc":{"start":{"line":125,"column":20},"end":{"line":125,"column":null}},"type":"binary-expr","locations":[{"start":{"line":125,"column":20},"end":{"line":125,"column":42}},{"start":{"line":125,"column":42},"end":{"line":125,"column":null}}],"line":125},"19":{"loc":{"start":{"line":126,"column":8},"end":{"line":126,"column":null}},"type":"if","locations":[{"start":{"line":126,"column":8},"end":{"line":126,"column":null}},{"start":{},"end":{}}],"line":126},"20":{"loc":{"start":{"line":133,"column":8},"end":{"line":144,"column":null}},"type":"if","locations":[{"start":{"line":133,"column":8},"end":{"line":144,"column":null}},{"start":{},"end":{}}],"line":133},"21":{"loc":{"start":{"line":136,"column":28},"end":{"line":136,"column":null}},"type":"cond-expr","locations":[{"start":{"line":136,"column":46},"end":{"line":136,"column":58}},{"start":{"line":136,"column":58},"end":{"line":136,"column":null}}],"line":136},"22":{"loc":{"start":{"line":143,"column":12},"end":{"line":143,"column":null}},"type":"if","locations":[{"start":{"line":143,"column":12},"end":{"line":143,"column":null}},{"start":{},"end":{}}],"line":143},"23":{"loc":{"start":{"line":150,"column":20},"end":{"line":150,"column":null}},"type":"binary-expr","locations":[{"start":{"line":150,"column":20},"end":{"line":150,"column":32}},{"start":{"line":150,"column":32},"end":{"line":150,"column":null}}],"line":150},"24":{"loc":{"start":{"line":151,"column":8},"end":{"line":151,"column":null}},"type":"if","locations":[{"start":{"line":151,"column":8},"end":{"line":151,"column":null}},{"start":{},"end":{}}],"line":151},"25":{"loc":{"start":{"line":158,"column":8},"end":{"line":167,"column":null}},"type":"if","locations":[{"start":{"line":158,"column":8},"end":{"line":167,"column":null}},{"start":{},"end":{}}],"line":158},"26":{"loc":{"start":{"line":171,"column":4},"end":{"line":180,"column":null}},"type":"if","locations":[{"start":{"line":171,"column":4},"end":{"line":180,"column":null}},{"start":{},"end":{}}],"line":171},"27":{"loc":{"start":{"line":184,"column":4},"end":{"line":193,"column":null}},"type":"if","locations":[{"start":{"line":184,"column":4},"end":{"line":193,"column":null}},{"start":{},"end":{}}],"line":184},"28":{"loc":{"start":{"line":184,"column":8},"end":{"line":184,"column":70}},"type":"binary-expr","locations":[{"start":{"line":184,"column":8},"end":{"line":184,"column":24}},{"start":{"line":184,"column":24},"end":{"line":184,"column":70}}],"line":184},"29":{"loc":{"start":{"line":190,"column":24},"end":{"line":190,"column":null}},"type":"cond-expr","locations":[{"start":{"line":190,"column":71},"end":{"line":190,"column":163}},{"start":{"line":190,"column":163},"end":{"line":190,"column":null}}],"line":190}},"s":{"0":0,"1":0,"2":0,"3":0,"4":0,"5":0,"6":0,"7":0,"8":0,"9":0,"10":0,"11":0,"12":0,"13":0,"14":0,"15":0,"16":0,"17":0,"18":0,"19":0,"20":0,"21":0,"22":0,"23":0,"24":0,"25":0,"26":0,"27":0,"28":0,"29":0,"30":0,"31":0,"32":0,"33":0,"34":0,"35":0,"36":0,"37":0,"38":0,"39":0,"40":0,"41":0,"42":0,"43":0,"44":0,"45":0,"46":0,"47":0,"48":0,"49":0,"50":0,"51":0,"52":0,"53":0,"54":0,"55":0,"56":0,"57":0,"58":0,"59":0,"60":0,"61":0,"62":0,"63":0,"64":0,"65":0,"66":0,"67":0,"68":0,"69":0,"70":0,"71":0,"72":0,"73":0,"74":0,"75":0,"76":0,"77":0,"78":0,"79":0},"f":{"0":0,"1":0,"2":0,"3":0,"4":0,"5":0,"6":0,"7":0,"8":0,"9":0,"10":0,"11":0,"12":0,"13":0,"14":0,"15":0,"16":0,"17":0,"18":0,"19":0,"20":0},"b":{"0":[0,0],"1":[0,0],"2":[0,0],"3":[0,0],"4":[0,0],"5":[0,0],"6":[0,0],"7":[0,0],"8":[0,0],"9":[0,0],"10":[0,0,0,0],"11":[0,0],"12":[0,0,0],"13":[0,0],"14":[0,0],"15":[0,0],"16":[0,0],"17":[0,0],"18":[0,0],"19":[0,0],"20":[0,0],"21":[0,0],"22":[0,0],"23":[0,0],"24":[0,0],"25":[0,0],"26":[0,0],"27":[0,0],"28":[0,0],"29":[0,0]},"meta":{"lastBranch":30,"lastFunction":21,"lastStatement":80,"seen":{"s:39:35:92:Infinity":0,"f:39:35:39:Infinity":0,"s:45:40:45:Infinity":1,"s:48:4:52:Infinity":2,"f:48:23:48:28":1,"s:49:19:49:Infinity":3,"b:49:19:49:36:49:36:49:Infinity":0,"b:50:8:50:Infinity:undefined:undefined:undefined:undefined":1,"s:50:8:50:Infinity":4,"s:50:25:50:Infinity":5,"s:51:8:51:Infinity":6,"s:54:4:57:Infinity":7,"f:54:20:54:25":2,"s:55:19:55:Infinity":8,"b:55:19:55:36:55:36:55:Infinity":2,"b:56:8:56:Infinity:undefined:undefined:undefined:undefined":3,"s:56:8:56:Infinity":9,"s:56:24:56:Infinity":10,"s:59:4:62:Infinity":11,"f:59:19:59:24":3,"s:60:19:60:Infinity":12,"b:60:19:60:36:60:36:60:Infinity":4,"b:61:8:61:Infinity:undefined:undefined:undefined:undefined":5,"s:61:8:61:Infinity":13,"s:61:24:61:Infinity":14,"s:64:4:91:Infinity":15,"f:64:38:64:39":4,"s:65:22:65:Infinity":16,"s:66:29:66:Infinity":17,"f:66:52:66:53":5,"s:66:64:66:124":18,"b:66:64:66:96:66:96:66:124":6,"s:67:25:67:Infinity":19,"f:67:48:67:49":6,"s:67:60:67:83":20,"s:69:33:69:Infinity":21,"b:69:45:69:68:69:68:69:Infinity":7,"s:70:29:70:Infinity":22,"b:70:41:70:60:70:60:70:Infinity":8,"s:72:48:72:Infinity":23,"b:74:8:78:Infinity:76:8:78:Infinity":9,"s:74:8:78:Infinity":24,"b:74:12:74:33:74:33:74:62:74:62:74:86:74:86:74:99":10,"s:75:12:75:Infinity":25,"b:76:8:78:Infinity:undefined:undefined:undefined:undefined":11,"s:76:8:78:Infinity":26,"b:76:19:76:42:76:42:76:66:76:66:76:79":12,"s:77:12:77:Infinity":27,"s:80:8:90:Infinity":28,"b:82:50:82:81:82:81:82:Infinity":13,"b:82:81:82:102:82:102:82:Infinity":14,"s:94:30:206:Infinity":29,"f:94:30:94:Infinity":7,"s:101:42:101:Infinity":30,"s:102:40:102:Infinity":31,"b:105:4:120:Infinity:undefined:undefined:undefi
[...]
{"line":174,"column":null}},"58":{"start":{"line":176,"column":8},"end":{"line":176,"column":null}},"59":{"start":{"line":176,"column":19},"end":{"line":176,"column":null}},"60":{"start":{"line":183,"column":26},"end":{"line":185,"column":null}},"61":{"start":{"line":187,"column":8},"end":{"line":187,"column":null}},"62":{"start":{"line":187,"column":19},"end":{"line":187,"column":null}},"63":{"start":{"line":194,"column":22},"end":{"line":194,"column":null}},"64":{"start":{"line":196,"column":47},"end":{"line":196,"column":null}},"65":{"start":{"line":197,"column":8},"end":{"line":199,"column":null}},"66":{"start":{"line":198,"column":12},"end":{"line":198,"column":null}},"67":{"start":{"line":201,"column":27},"end":{"line":205,"column":null}},"68":{"start":{"line":203,"column":16},"end":{"line":203,"column":null}},"69":{"start":{"line":207,"column":8},"end":{"line":211,"column":null}},"70":{"start":{"line":218,"column":33},"end":{"line":221,"column":null}},"71":{"start":{"line":222,"column":8},"end":{"line":222,"column":null}},"72":{"start":{"line":223,"column":8},"end":{"line":223,"column":null}},"73":{"start":{"line":236,"column":4},"end":{"line":239,"column":null}},"74":{"start":{"line":237,"column":8},"end":{"line":237,"column":null}},"75":{"start":{"line":238,"column":8},"end":{"line":238,"column":null}},"76":{"start":{"line":242,"column":4},"end":{"line":244,"column":null}},"77":{"start":{"line":243,"column":8},"end":{"line":243,"column":null}},"78":{"start":{"line":247,"column":4},"end":{"line":253,"column":null}},"79":{"start":{"line":248,"column":22},"end":{"line":248,"column":null}},"80":{"start":{"line":249,"column":8},"end":{"line":252,"column":null}},"81":{"start":{"line":250,"column":12},"end":{"line":250,"column":null}},"82":{"start":{"line":251,"column":12},"end":{"line":251,"column":null}},"83":{"start":{"line":255,"column":4},"end":{"line":255,"column":null}},"84":{"start":{"line":266,"column":4},"end":{"line":269,"column":null}},"85":{"start":{"line":267,"column":8},"end":{"line":267,"column":null}},"86":{"start":{"line":268,"column":8},"end":{"line":268,"column":null}},"87":{"start":{"line":271,"column":4},"end":{"line":280,"column":null}},"88":{"start":{"line":272,"column":26},"end":{"line":274,"column":null}},"89":{"start":{"line":276,"column":8},"end":{"line":276,"column":null}},"90":{"start":{"line":276,"column":19},"end":{"line":276,"column":null}},"91":{"start":{"line":278,"column":8},"end":{"line":278,"column":null}},"92":{"start":{"line":279,"column":8},"end":{"line":279,"column":null}},"93":{"start":{"line":287,"column":4},"end":{"line":290,"column":null}},"94":{"start":{"line":288,"column":8},"end":{"line":288,"column":null}},"95":{"start":{"line":289,"column":8},"end":{"line":289,"column":null}},"96":{"start":{"line":292,"column":4},"end":{"line":301,"column":null}},"97":{"start":{"line":293,"column":26},"end":{"line":295,"column":null}},"98":{"start":{"line":297,"column":8},"end":{"line":297,"column":null}},"99":{"start":{"line":297,"column":19},"end":{"line":297,"column":null}},"100":{"start":{"line":299,"column":8},"end":{"line":299,"column":null}},"101":{"start":{"line":300,"column":8},"end":{"line":300,"column":null}},"102":{"start":{"line":308,"column":4},"end":{"line":311,"column":null}},"103":{"start":{"line":309,"column":8},"end":{"line":309,"column":null}},"104":{"start":{"line":310,"column":8},"end":{"line":310,"column":null}},"105":{"start":{"line":313,"column":4},"end":{"line":322,"column":null}},"106":{"start":{"line":314,"column":26},"end":{"line":316,"column":null}},"107":{"start":{"line":318,"column":8},"end":{"line":318,"column":null}},"108":{"start":{"line":318,"column":19},"end":{"line":318,"column":null}},"109":{"start":{"line":320,"column":8},"end":{"line":320,"column":null}},"110":{"start":{"line":321,"column":8},"end":{"line":321,"column":null}},"111":{"start":{"line":329,"column":4},"end":{"line":332,"column":null}},"112":{"start":{"line":330,"column":8},"end":{"line":330,"column":null}},"113":{"start":{"line":331,"column":8},"end":{"line":331,"column":null}},"114":{"start":{"line":334,"column":4},"end":{"line":343,"column":null}},"115":{"start":{"line":335,"column":26},"end":{"line":337,"column":null}},"116":{"start":{"line":339,"column":8},"end":{"line":339,"column":null}},"117":{"start":{"line":339,"column":19},"end":{"line":339,"column":null}},"118":{"start":{"line":341,"column":8},"end":{"line":341,"column":null}},"119":{"start":{"line":342,"column":8},"end":{"line":342,"column":null}}},"fnMap":{"0":{"name":"(anonymous_0)","decl":{"start":{"line":32,"column":4},"end":{"line":32,"column":27}},"loc":{"start":{"line":32,"column":27},"end":{"line":43,"column":null}},"line":32},"1":{"name":"(anonymous_1)","decl":{"start":{"line":48,"column":4},"end":{"line":48,"column":14}},"loc":{"start":{"line":48,"column":38},"end":{"line":55,"column":null}},"line":48},"2":{"name":"(anonymous_2)","decl":{"start":{"line":60,"column":4},"end":{"line":60,"column":12}},"loc":{"start":{"line":60,"column":58},"end":{"line":80,"column":null}},"line":60},"3":{"name":"(anonymous_3)","decl":{"start":{"line":85,"column":10},"end":{"line":85,"column":40}},"loc":{"start":{"line":85,"column":40},"end":{"line":126,"column":null}},"line":85},"4":{"name":"(anonymous_4)","decl":{"start":{"line":131,"column":10},"end":{"line":131,"column":19}},"loc":{"start":{"line":131,"column":55},"end":{"line":144,"column":null}},"line":131},"5":{"name":"(anonymous_5)","decl":{"start":{"line":149,"column":10},"end":{"line":149,"column":25}},"loc":{"start":{"line":149,"column":51},"end":{"line":155,"column":null}},"line":149},"6":{"name":"(anonymous_6)","decl":{"start":{"line":160,"column":10},"end":{"line":160,"column":19}},"loc":{"start":{"line":160,"column":45},"end":{"line":166,"column":null}},"line":160},"7":{"name":"(anonymous_7)","decl":{"start":{"line":171,"column":10},"end":{"line":171,"column":24}},"loc":{"start":{"line":171,"column":50},"end":{"line":177,"column":null}},"line":171},"8":{"name":"(anonymous_8)","decl":{"start":{"line":182,"column":10},"end":{"line":182,"column":20}},"loc":{"start":{"line":182,"column":46},"end":{"line":188,"column":null}},"line":182},"9":{"name":"(anonymous_9)","decl":{"start":{"line":193,"column":4},"end":{"line":193,"column":94}},"loc":{"start":{"line":193,"column":94},"end":{"line":212,"column":null}},"line":193},"10":{"name":"(anonymous_10)","decl":{"start":{"line":197,"column":28},"end":{"line":197,"column":36}},"loc":{"start":{"line":197,"column":36},"end":{"line":199,"column":9}},"line":197},"11":{"name":"(anonymous_11)","decl":{"start":{"line":202,"column":33},"end":{"line":202,"column":34}},"loc":{"start":{"line":203,"column":16},"end":{"line":203,"column":null}},"line":203},"12":{"name":"(anonymous_12)","decl":{"start":{"line":217,"column":4},"end":{"line":217,"column":23}},"loc":{"start":{"line":217,"column":23},"end":{"line":224,"column":null}},"line":217},"13":{"name":"setupAutoSync","decl":{"start":{"line":234,"column":16},"end":{"line":234,"column":38}},"loc":{"start":{"line":234,"column":38},"end":{"line":256,"column":null}},"line":234},"14":{"name":"(anonymous_14)","decl":{"start":{"line":236,"column":38},"end":{"line":236,"column":44}},"loc":{"start":{"line":236,"column":44},"end":{"line":239,"column":5}},"line":236},"15":{"name":"(anonymous_15)","decl":{"start":{"line":242,"column":39},"end":{"line":242,"column":45}},"loc":{"start":{"line":242,"column":45},"end":{"line":244,"column":5}},"line":242},"16":{"name":"(anonymous_16)","decl":{"start":{"line":247,"column":16},"end":{"line":247,"column":22}},"loc":{"start":{"line":247,"column":22},"end":{"line":253,"column":7}},"line":247},"17":{"name":"safeInsertProduction","decl":{"start":{"line":265,"column":22},"end":{"line":265,"column":43}},"loc":{"start":{"line":265,"column":69},"end":{"line":281,"column":null}},"line":265},"18":{"name":"safeInsertStop","decl":{"start":{"line":286,"column":22},"end":{"line":286,"column":37}},"loc":{"start":{"line":286,"column":63},"end":{"line":302,"column":null}},"line":286},"19":{"name":"safeInsertChecklist","decl":{"start":{"line":307,"column":22},"end":{"line":307,"column":42}},"loc":{"start":{"line":307,"column":68},"end":{"line":323,"column":null}},"line":307},"20":{"name":"safeInsertDiary","decl":{"start":{"line":328,"column":22},"end":{"line":328,"column":38}},"loc":{"start":{"line":328,"column":64},"end":{"line":344,"column":null}},"line":328}},"branchMap":{"0":{"loc":{"start":{"line":35,"column":12},"end":{"line":37,"column":null}},"type":"if","locations":[{"start":{"line":35,"column":12},"end":{"line":37,"column":null}},{"start":{},"end":{}}],"line":35},"1":{"loc":{"start":{"line":77,"column":8},"end":{"line":79,"column":null}},"type":"if","locations":[{"start":{"line":77,"column":8},"end":{"line":79,"column":null}},{"start":{},"end":{}}],"line":77},"2":{"loc":{"start":{"line":86,"column":8},"end":{"line":89,"column":null}},"type":"if","locations":[{"start":{"line":86,"column":8},"end":{"line":89,"column":null}},{"start":{},"end":{}}],"line":86},"3":{"loc":{"start":{"line":92,"column":8},"end":{"line":95,"column":null}},"type":"if","locations":[{"start":{"line":92,"column":8},"end":{"line":95,"column":null}},{"start":{},"end":{}}],"line":92},"4":{"loc":{"start":{"line":112,"column":16},"end":{"line":116,"column":null}},"type":"if","locations":[{"start":{"line":112,"column":16},"end":{"line":116,"column":null}},{"start":{"line":114,"column":23},"end":{"line":116,"column":null}}],"line":112},"5":{"loc":{"start":{"line":132,"column":8},"end":{"line":143,"column":null}},"type":"switch","locations":[{"start":{"line":133,"column":12},"end":{"line":134,"column":null}},{"start":{"line":135,"column":12},"end":{"line":136,"column":null}},{"start":{"line":137,"column":12},"end":{"line":138,"column":null}},{"start":{"line":139,"column":12},"end":{"line":140,"column":null}},{"start":{"line":141,"column":12},"end":{"line":142,"column":null}}],"line":132},"6":{"loc":{"start":{"line":154,"column":8},"end":{"line":154,"column":null}},"type":"if","locations":[{"start":{"line":154,"column":8},"end":{"line":154,"column":null}},{"start":{},"end":{}}],"line":154},"7":{"loc":{"start":{"line":165,"column":8},"end":{"line":165,"column":null}},"type":"if","locations":[{"start":{"line":165,"column":8},"end":{"line":165,"column":null}},{"start":{},"end":{}}],"line":165},"8":{"loc":{"start":{"line":176,"column":8},"end":{"line":176,"column":null}},"type":"if","locations":[{"start":{"line":176,"column":8},"end":{"line":176,"column":null}},{"start":{},"end":{}}],"line":176},"9":{"loc":{"start":{"line":187,"column":8},"end":{"line":187,"column":null}},"type":"if","locations":[{"start":{"line":187,"column":8},"end":{"line":187,"column":null}},{"start":{},"end":{}}],"line":187},"10":{"loc":{"start":{"line":198,"column":33},"end":{"line":198,"column":59}},"type":"binary-expr","locations":[{"start":{"line":198,"column":33},"end":{"line":198,"column":54}},{"start":{"line":198,"column":54},"end":{"line":198,"column":59}}],"line":198},"11":{"loc":{"start":{"line":201,"column":27},"end":{"line":205,"column":null}},"type":"cond-expr","locations":[{"start":{"line":202,"column":14},"end":{"line":204,"column":null}},{"start":{"line":205,"column":14},"end":{"line":205,"column":null}}],"line":201},"12":{"loc":{"start":{"line":203,"column":16},"end":{"line":203,"column":null}},"type":"cond-expr","locations":[{"start":{"line":203,"column":72},"end":{"line":203,"column":79}},{"start":{"line":203,"column":79},"end":{"line":203,"column":null}}],"line":203},"13":{"loc":{"start":{"line":249,"column":8},"end":{"line":252,"column":null}},"type":"if","locations":[{"start":{"line":249,"column":8},"end":{"line":252,"column":null}},{"start":{},"end":{}}],"line":249},"14":{"loc":{"start":{"line":249,"column":12},"end":{"line":249,"column":49}},"type":"binary-expr","locations":[{"start":{"line":249,"column":12},"end":{"line":249,"column":31}},{"start":{"line":249,"column":31},"end":{"line":249,"column":49}}],"line":249},"15":{"loc":{"start":{"line":266,"column":4},"end":{"line":269,"column":null}},"type":"if","locations":[{"start":{"line":266,"column":4},"end":{"line":269,"column":null}},{"start":{},"end":{}}],"line":266},"16":{"loc":{"start":{"line":276,"column":8},"end":{"line":276,"column":null}},"type":"if","locations":[{"start":{"line":276,"column":8},"end":{"line":276,"column":null}},{"start":{},"end":{}}],"line":276},"17":{"loc":{"start":{"line":287,"column":4},"end":{"line":290,"column":null}},"type":"if","locations":[{"start":{"line":287,"column":4},"end":{"line":290,"column":null}},{"start":{},"end":{}}],"line":287},"18":{"loc":{"start":{"line":297,"column":8},"end":{"line":297,"column":null}},"type":"if","locations":[{"start":{"line":297,"column":8},"end":{"line":297,"column":null}},{"start":{},"end":{}}],"line":297},"19":{"loc":{"start":{"line":308,"column":4},"end":{"line":311,"column":null}},"type":"if","locations":[{"start":{"line":308,"column":4},"end":{"line":311,"column":null}},{"start":{},"end":{}}],"line":308},"20":{"loc":{"start":{"line":318,"column":8},"end":{"line":318,"column":null}},"type":"if","locations":[{"start":{"line":318,"column":8},"end":{"line":318,"column":null}},{"start":{},"end":{}}],"line":318},"21":{"loc":{"start":{"line":329,"column":4},"end":{"line":332,"column":null}},"type":"if","locations":[{"start":{"line":329,"column":4},"end":{"line":332,"column":null}},{"start":{},"end":{}}],"line":329},"22":{"loc":{"start":{"line":339,"column":8},"end":{"line":339,"column":null}},"type":"if","locations":[{"start":{"line":339,"column":8},"end":{"line":339,"column":null}},{"start":{},"end":{}}],"line":339}},"s":{"0":0,"1":0,"2":0,"3":0,"4":0,"5":0,"6":0,"7":0,"8":0,"9":0,"10":0,"11":0,"12":0,"13":0,"14":0,"15":0,"16":0,"17":0,"18":0,"19":0,"20":0,"21":0,"22":0,"23":0,"24":0,"25":0,"26":0,"27":0,"28":0,"29":0,"30":0,"31":0,"32":0,"33":0,"34":0,"35":0,"36":0,"37":0,"38":0,"39":0,"40":0,"41":0,"42":0,"43":0,"44":0,"45":0,"46":0,"47":0,"48":0,"49":0,"50":0,"51":0,"52":0,"53":0,"54":0,"55":0,"56":0,"57":0,"58":0,"59":0,"60":0,"61":0,"62":0,"63":0,"64":0,"65":0,"66":0,"67":0,"68":0,"69":0,"70":0,"71":0,"72":0,"73":0,"74":0,"75":0,"76":0,"77":0,"78":0,"79":0,"80":0,"81":0,"82":0,"83":0,"84":0,"85":0,"86":0,"87":0,"88":0,"89":0,"90":0,"91":0,"92":0,"93":0,"94":0,"95":0,"96":0,"97":0,"98":0,"99":0,"100":0,"101":0,"102":0,"103":0,"104":0,"105":0,"106":0,"107":0,"108":0,"109":0,"110":0,"111":0,"112":0,"113":0,"114":0,"115":0,"116":0,"117":0,"118":0,"119":0},"f":{"0":0,"1":0,"2":0,"3":0,"4":0,"5":0,"6":0,"7":0,"8":0,"9":0,"10":0,"11":0,"12":0,"13":0,"14":0,"15":0,"16":0,"17":0,"18":0,"19":0,"20":0},"b":{"0":[0,0],"1":[0,0],"2":[0,0],"3":[0,0],"4":[0,0],"5":[0,0,0,0,0],"6":[0,0],"7":[0,0],"8":[0,0],"9":[0,0],"10":[0,0],"11":[0,0],"12":[0,0],"13":[0,0],"14":[0,0],"15":[0,0],"16":[0,0],"17":[0,0],"18":[0,0],"19":[0,0],"20":[0,0],"21":[0,0],"22":[0,0]},"meta":{"lastBranch":23,"lastFunction":21,"lastStatement":120,"seen":{"s:21:20:21:Infinity":0,"s:22:20:22:Infinity":1,"s:28:32:225:Infinity":2,"f:32:4:32:27":0,"s:33:8:42:Infinity":3,"s:34:26:34:Infinity":4,"b:35:12:37:Infinity:undefined:undefined:undefined:undefined":0,"s:35:12:37:Infinity":5,"s:36:16:36:Infinity":6,"s:38:12:38:Infinity":7,"s:40:12:40:Infinity":8,"s:41:12:41:Infinity":9,"f:48:4:48:14":1,"s:49:8:54:Infinity":10,"s:50:12:50:Infinity":11,"s:51:12:51:Infinity":12,"s:53:12:53:Infinity":13,"f:60:4:60:12":2,"s:61:22:61:Infinity":14,"s:63:36:69:Infinity":15,"s:71:8:71:Infinity":16,"s:72:8:72:Infinity":17,"s:74:8:74:Infinity":18,"b:77:8:79:Infinity:undefined:undefined:undefined:undefined":1,"s:77:8:79:Infinity":19,"s:78:12:78:Infinity":20,"f:85:10:85:40":3,"b:86:8:89:Infinity:undefined:undefined:undefined:undefined":2,"s:86:8:89:Infinity":21,"s:87:12:87:Infinity":22,"s:88:12:88:Infinity":23,"s:91:22:91:Infinity":24,"b:92:8:95:Infinity:undefined:undefined:undefined:undefined":3,"s:92:8:95:Infinity":25,"s:93:12:93:Infinity":26,"s:94:12:94:Infinity":27,"s:97:8:97:Infinity":28,"s:99:31:99:Infinity":29,"s:100:45:100:Infinity":30,"s:102:8:118:Infinity":31,"s:103:12:117:Infinity":32,"s:104:16:104:Infinity":33,"s:105:16:105:Infinity":34,"s:107:16:107:Infinity":35,"s:109:16:109:Infinity":36,"s:110:16:110:Infinity":37,"b:112:16:116:Infinity:114:23:116:Infinity":4,"s:112:16:116:Infinity":38,"s:113:20:113:Infinity":39,"s:115:20:115:Infinity":40,"s:121:8:121:Infinity":41,"s:122:8:122:Infinity":42,"s:123:8:123:Infinity":43,"s:125:8:125:Infinity":44,"f:131:10:131:19":4,"b:133:12:134:Infinity:135:12:136:Infinity:137:12:138:Infinity:139:12:140:Infinity:141:12:142:Infinity":5,"s:132:8:143:Infinity":45,"s:134:16:134:Infinity":46,"s:136:16:136:Infinity":47,"s:138:16:138:Infinity":48,"s:140:16:140:Infinity":49,"s:142:16:142:Infinity":50,"f:149:10:149:25":5,"s:150:26:152:Infinity":51,"b:154:8:154:Infinity:undefined:undefined:undefined:undefined":6,"s:154:8:154:Infinity":52,"s:154:19:154:Infinity":53,"f:160:10:160:19":6,"s:161:26:163:Infinity":54,"b:165:8:165:Infinity:undefined:undefined:undefined:undefined":7,"s:165:8:165:Infinity":55,"s:165:19:165:Infinity":56,"f:171:10:171:24":7,"s:172:26:174:Infinity":57,"b:176:8:176:Infinity:undefined:undefined:undefined:undefined":8,"s:176:8:176:Infinity":58,"s:176:19:176:Infinity":59,"f:182:10:182:20":8,"s:183:26:185:Infinity":60,"b:187:8:187:Infinity:undefined:undefined:undefined:undefined":9,"s:187:8:187:Infinity":61,"s:187:19:187:Infinity":62,"f:193:4:193:94":9,"s:194:22:194:Infinity":63,"s:196:47:196:Infinity":64,"s:197:8:199:Infinity":65,"f:197:28:197:36":10,"s:198:12:198:Infinity":66,"b:198:33:198:54:198:54:198:59":10,"s:201:27:205:Infinity":67,"b:202:14:204:Infinity:205:14:205:Infinity":11,"f:202:33:202:34":11,"s:203:16:203:Infinity":68,"b:203:72:203:79:203:79:203:Infinity":12,"s:207:8:211:Infinity":69,"f:217:4:217:23":12,"s:218:33:221:Infinity":70,"s:222:8:222:Infinity":71,"s:223:8:223:Infinity":72,"f:234:16:234:38":13,"s:236:4:239:Infinity":73,"f:236:38:236:44":14,"s:237:8:237:Infinity":74,"s:238:8:238:Infinity":75,"s:242:4:244:Infinity":76,"f:242:39:242:45":15,"s:243:8:243:Infinity":77,"s:247:4:253:Infinity":78,"f:247:16:247:22":16,"s:248:22:248:Infinity":79,"b:249:8:252:Infinity:undefined:undefined:undefined:undefined":13,"s:249:8:252:Infinity":80,"b:249:12:249:31:249:31:249:49":14,"s:250:12:250:Infinity":81,"s:251:12:251:Infinity":82,"s:255:4:255:Infinity":83,"f:265:22:265:43":17,"b:266:4:269:Infinity:undefined:undefined:undefined:undefined":15,"s:266:4:269:Infinity":84,"s:267:8:267:Infinity":85,"s:268:8:268:Infinity":86,"s:271:4:280:Infinity":87,"s:272:26:274:Infinity":88,"b:276:8:276:Infinity:undefined:undefined:undefined:undefined":16,"s:276:8:276:Infinity":89,"s:276:19:276:Infinity":90,"s:278:8:278:Infinity":91,"s:279:8:279:Infinity":92,"f:286:22:286:37":18,"b:287:4:290:Infinity:undefined:undefined:undefined:undefined":17,"s:287:4:290:Infinity":93,"s:288:8:288:Infinity":94,"s:289:8:289:Infinity":95,"s:292:4:301:Infinity":96,"s:293:26:295:Infinity":97,"b:297:8:297:Infinity:undefined:undefined:undefined:undefined":18,"s:297:8:297:Infinity":98,"s:297:19:297:Infinity":99,"s:299:8:299:Infinity":100,"s:300:8:300:Infinity":101,"f:307:22:307:42":19,"b:308:4:311:Infinity:undefined:undefined:undefined:undefined":19,"s:308:4:311:Infinity":102,"s:309:8:309:Infinity":103,"s:310:8:310:Infinity":104,"s:313:4:322:Infinity":105,"s:314:26:316:Infinity":106,"b:318:8:318:Infinity:undefined:undefined:undefined:undefined":20,"s:318:8:318:Infinity":107,"s:318:19:318:Infinity":108,"s:320:8:320:Infinity":109,"s:321:8:321:Infinity":110,"f:328:22:328:38":20,"b:329:4:332:Infinity:undefined:undefined:undefined:undefined":21,"s:329:4:332:Infinity":111,"s:330:8:330:Infinity":112,"s:331:8:331:Infinity":113,"s:334:4:343:Infinity":114,"s:335:26:337:Infinity":115,"b:339:8:339:Infinity:undefined:undefined:undefined:undefined":22,"s:339:8:339:Infinity":116,"s:339:19:339:Infinity":117,"s:341:8:341:Infinity":118,"s:342:8:342:Infinity":119}}}
}
