TN:
SF:src\components\ErrorBoundary.tsx
FN:19,(anonymous_0)
FN:35,(anonymous_1)
FN:27,(anonymous_2)
FN:31,(anonymous_3)
FN:39,(anonymous_4)
FNF:5
FNH:0
FNDA:0,(anonymous_0)
FNDA:0,(anonymous_1)
FNDA:0,(anonymous_2)
FNDA:0,(anonymous_3)
FNDA:0,(anonymous_4)
DA:20,0
DA:21,0
DA:28,0
DA:32,0
DA:35,0
DA:36,0
DA:40,0
DA:41,0
DA:43,0
DA:44,0
DA:45,0
DA:48,0
DA:76,0
LF:13
LH:0
BRDA:43,0,0,0
BRDA:43,0,1,0
BRDA:44,1,0,0
BRDA:44,1,1,0
BRDA:59,2,0,0
BRDA:59,2,1,0
BRF:6
BRH:0
end_of_record
TN:
SF:src\hooks\index.ts
FNF:0
FNH:0
LF:0
LH:0
BRF:0
BRH:0
end_of_record
TN:
SF:src\hooks\useElapsedTimer.ts
FN:27,useElapsedTimer
FN:35,(anonymous_1)
FN:53,(anonymous_2)
FN:66,(anonymous_3)
FNF:4
FNH:0
FNDA:0,useElapsedTimer
FNDA:0,(anonymous_1)
FNDA:0,(anonymous_2)
FNDA:0,(anonymous_3)
DA:32,0
DA:33,0
DA:35,0
DA:36,0
DA:37,0
DA:38,0
DA:39,0
DA:43,0
DA:44,0
DA:45,0
DA:47,0
DA:48,0
DA:49,0
DA:50,0
DA:53,0
DA:54,0
DA:55,0
DA:56,0
DA:57,0
DA:61,0
DA:64,0
DA:66,0
DA:69,0
LF:23
LH:0
BRDA:29,0,0,0
BRDA:36,1,0,0
BRDA:36,1,1,0
BRDA:36,2,0,0
BRDA:36,2,1,0
BRDA:44,3,0,0
BRDA:44,3,1,0
BRDA:47,4,0,0
BRDA:47,4,1,0
BRF:9
BRH:0
end_of_record
TN:
SF:src\hooks\useFormatTime.ts
FN:13,formatTime
FN:30,parseCycleTimeToSeconds
FN:41,(anonymous_2)
FN:42,(anonymous_3)
FN:75,formatStopTimeMinutes
FN:87,formatElapsedFromTimestamp
FNF:6
FNH:0
FNDA:0,formatTime
FNDA:0,parseCycleTimeToSeconds
FNDA:0,(anonymous_2)
FNDA:0,(anonymous_3)
FNDA:0,formatStopTimeMinutes
FNDA:0,formatElapsedFromTimestamp
DA:14,0
DA:15,0
DA:16,0
DA:17,0
DA:21,0
DA:31,0
DA:32,0
DA:34,0
DA:36,0
DA:37,0
DA:40,0
DA:41,0
DA:42,0
DA:43,0
DA:44,0
DA:46,0
DA:47,0
DA:49,0
DA:53,0
DA:54,0
DA:55,0
DA:56,0
DA:57,0
DA:60,0
DA:61,0
DA:63,0
DA:64,0
DA:65,0
DA:66,0
DA:68,0
DA:76,0
DA:77,0
DA:79,0
DA:80,0
DA:81,0
DA:88,0
DA:89,0
DA:90,0
LF:38
LH:0
BRDA:31,0,0,0
BRDA:31,0,1,0
BRDA:31,1,0,0
BRDA:31,1,1,0
BRDA:34,2,0,0
BRDA:34,2,1,0
BRDA:37,3,0,0
BRDA:37,3,1,0
BRDA:40,4,0,0
BRDA:40,4,1,0
BRDA:42,5,0,0
BRDA:42,5,1,0
BRDA:43,6,0,0
BRDA:43,6,1,0
BRDA:46,7,0,0
BRDA:46,7,1,0
BRDA:55,8,0,0
BRDA:55,8,1,0
BRDA:57,9,0,0
BRDA:57,9,1,0
BRDA:61,10,0,0
BRDA:61,10,1,0
BRDA:63,11,0,0
BRDA:63,11,1,0
BRDA:64,12,0,0
BRDA:64,12,1,0
BRDA:64,13,0,0
BRDA:64,13,1,0
BRDA:64,13,2,0
BRDA:65,14,0,0
BRDA:65,14,1,0
BRDA:65,15,0,0
BRDA:65,15,1,0
BRDA:65,15,2,0
BRDA:66,16,0,0
BRDA:66,16,1,0
BRDA:66,17,0,0
BRDA:66,17,1,0
BRDA:66,17,2,0
BRDA:76,18,0,0
BRDA:76,18,1,0
BRDA:81,19,0,0
BRDA:81,19,1,0
BRDA:87,20,0,0
BRF:44
BRH:0
end_of_record
TN:
SF:src\hooks\useOperatorSession.ts
FN:33,useOperatorSession
FN:40,(anonymous_1)
FN:47,(anonymous_2)
FN:65,(anonymous_3)
FN:71,(anonymous_4)
FN:81,(anonymous_5)
FN:85,(anonymous_6)
FNF:7
FNH:0
FNDA:0,useOperatorSession
FNDA:0,(anonymous_1)
FNDA:0,(anonymous_2)
FNDA:0,(anonymous_3)
FNDA:0,(anonymous_4)
FNDA:0,(anonymous_5)
FNDA:0,(anonymous_6)
DA:34,0
DA:35,0
DA:36,0
DA:37,0
DA:40,0
DA:41,0
DA:42,0
DA:43,0
DA:44,0
DA:47,0
DA:48,0
DA:54,0
DA:55,0
DA:57,0
DA:61,0
DA:65,0
DA:66,0
DA:67,0
DA:68,0
DA:71,0
DA:72,0
DA:73,0
DA:74,0
DA:75,0
DA:78,0
DA:79,0
DA:81,0
DA:85,0
DA:86,0
DA:87,0
DA:88,0
DA:91,0
DA:92,0
DA:93,0
DA:101,0
DA:102,0
DA:103,0
DA:105,0
DA:108,0
DA:109,0
DA:111,0
DA:115,0
LF:42
LH:0
BRDA:41,0,0,0
BRDA:41,0,1,0
BRDA:54,1,0,0
BRDA:54,1,1,0
BRDA:54,2,0,0
BRDA:54,2,1,0
BRDA:66,3,0,0
BRDA:66,3,1,0
BRDA:86,4,0,0
BRDA:86,4,1,0
BRDA:101,5,0,0
BRDA:101,5,1,0
BRDA:101,6,0,0
BRDA:101,6,1,0
BRF:14
BRH:0
end_of_record
TN:
SF:src\lib\supabase-client.ts
FN:13,(anonymous_0)
FN:13,(anonymous_1)
FN:16,executeWithRetry
FNF:3
FNH:0
FNDA:0,(anonymous_0)
FNDA:0,(anonymous_1)
FNDA:0,executeWithRetry
DA:4,1
DA:5,1
DA:13,1
DA:20,0
DA:21,0
DA:23,0
DA:25,0
DA:26,0
DA:27,0
DA:29,0
DA:30,0
DA:36,0
DA:38,0
DA:39,0
DA:40,0
DA:41,0
DA:44,0
DA:47,0
DA:48,0
DA:49,0
DA:50,0
DA:51,0
DA:55,0
DA:67,0
LF:24
LH:3
BRDA:18,0,0,0
BRDA:20,1,0,0
BRDA:20,1,1,0
BRDA:21,2,0,0
BRDA:21,2,1,0
BRDA:29,3,0,0
BRDA:29,3,1,0
BRDA:38,4,0,0
BRDA:38,4,1,0
BRDA:48,5,0,0
BRDA:48,5,1,0
BRDA:58,6,0,0
BRDA:58,6,1,0
BRF:13
BRH:0
end_of_record
TN:
SF:src\services\gdprService.ts
FN:12,(anonymous_0)
FN:37,(anonymous_1)
FN:59,(anonymous_2)
FN:84,(anonymous_3)
FNF:4
FNH:4
FNDA:3,(anonymous_0)
FNDA:3,(anonymous_1)
FNDA:3,(anonymous_2)
FNDA:3,(anonymous_3)
DA:8,1
DA:13,3
DA:14,3
DA:23,3
DA:24,1
DA:27,2
DA:30,0
DA:38,3
DA:39,3
DA:44,3
DA:45,1
DA:46,1
DA:49,2
DA:51,1
DA:52,1
DA:60,3
DA:61,3
DA:69,3
DA:70,1
DA:71,1
DA:74,2
DA:76,1
DA:77,1
DA:85,3
DA:86,3
DA:94,3
DA:95,1
DA:96,1
DA:99,2
DA:101,0
DA:102,0
LF:31
LH:28
BRDA:23,0,0,1
BRDA:23,0,1,2
BRDA:44,1,0,1
BRDA:44,1,1,2
BRDA:59,2,0,3
BRDA:69,3,0,1
BRDA:69,3,1,2
BRDA:84,4,0,3
BRDA:94,5,0,1
BRDA:94,5,1,2
BRDA:99,6,0,2
BRDA:99,6,1,2
BRF:12
BRH:12
end_of_record
TN:
SF:src\services\insightsService.ts
FN:23,(anonymous_0)
FN:55,(anonymous_1)
FN:56,(anonymous_2)
FN:57,(anonymous_3)
FN:58,(anonymous_4)
FN:62,(anonymous_5)
FN:63,(anonymous_6)
FN:64,(anonymous_7)
FN:72,(anonymous_8)
FN:74,(anonymous_9)
FN:79,(anonymous_10)
FN:80,(anonymous_11)
FN:85,(anonymous_12)
FN:86,(anonymous_13)
FN:87,(anonymous_14)
FN:88,(anonymous_15)
FN:108,(anonymous_16)
FN:130,(anonymous_17)
FN:156,(anonymous_18)
FN:172,(anonymous_19)
FNF:20
FNH:0
FNDA:0,(anonymous_0)
FNDA:0,(anonymous_1)
FNDA:0,(anonymous_2)
FNDA:0,(anonymous_3)
FNDA:0,(anonymous_4)
FNDA:0,(anonymous_5)
FNDA:0,(anonymous_6)
FNDA:0,(anonymous_7)
FNDA:0,(anonymous_8)
FNDA:0,(anonymous_9)
FNDA:0,(anonymous_10)
FNDA:0,(anonymous_11)
FNDA:0,(anonymous_12)
FNDA:0,(anonymous_13)
FNDA:0,(anonymous_14)
FNDA:0,(anonymous_15)
FNDA:0,(anonymous_16)
FNDA:0,(anonymous_17)
FNDA:0,(anonymous_18)
FNDA:0,(anonymous_19)
DA:23,0
DA:29,0
DA:30,0
DA:31,0
DA:33,0
DA:35,0
DA:38,0
DA:55,0
DA:56,0
DA:57,0
DA:58,0
DA:60,0
DA:62,0
DA:63,0
DA:64,0
DA:69,0
DA:72,0
DA:73,0
DA:74,0
DA:75,0
DA:76,0
DA:78,0
DA:79,0
DA:80,0
DA:84,0
DA:85,0
DA:86,0
DA:87,0
DA:88,0
DA:90,0
DA:92,0
DA:94,0
DA:105,0
DA:108,0
DA:110,0
DA:117,0
DA:120,0
DA:127,0
DA:130,0
DA:131,0
DA:133,0
DA:136,0
DA:141,0
DA:145,0
DA:150,0
DA:153,0
DA:156,0
DA:163,0
DA:165,0
DA:167,0
DA:168,0
DA:169,0
DA:171,0
DA:172,0
DA:174,0
DA:177,0
DA:178,0
DA:179,0
DA:183,0
DA:184,0
DA:185,0
DA:186,0
DA:187,0
DA:188,0
DA:190,0
DA:193,0
LF:66
LH:0
BRDA:30,0,0,0
BRDA:30,0,1,0
BRDA:35,1,0,0
BRDA:35,1,1,0
BRDA:56,2,0,0
BRDA:56,2,1,0
BRDA:57,3,0,0
BRDA:57,3,1,0
BRDA:64,4,0,0
BRDA:64,4,1,0
BRDA:75,5,0,0
BRDA:75,5,1,0
BRDA:76,6,0,0
BRDA:76,6,1,0
BRDA:85,7,0,0
BRDA:85,7,1,0
BRDA:86,8,0,0
BRDA:86,8,1,0
BRDA:117,9,0,0
BRDA:117,9,1,0
BRDA:127,10,0,0
BRDA:127,10,1,0
BRDA:133,11,0,0
BRDA:133,11,1,0
BRDA:136,12,0,0
BRDA:136,12,1,0
BRDA:137,13,0,0
BRDA:137,13,1,0
BRDA:137,13,2,0
BRDA:137,13,3,0
BRDA:145,14,0,0
BRDA:145,14,1,0
BRDA:146,15,0,0
BRDA:146,15,1,0
BRDA:146,15,2,0
BRDA:146,15,3,0
BRDA:171,16,0,0
BRDA:171,16,1,0
BRDA:177,17,0,0
BRDA:177,17,1,0
BRDA:183,18,0,0
BRDA:183,18,1,0
BRDA:185,19,0,0
BRDA:185,19,1,0
BRDA:187,20,0,0
BRDA:187,20,1,0
BRF:46
BRH:0
end_of_record
TN:
SF:src\services\kaizenService.ts
FN:39,(anonymous_0)
FN:48,(anonymous_1)
FN:54,(anonymous_2)
FN:59,(anonymous_3)
FN:64,(anonymous_4)
FN:66,(anonymous_5)
FN:67,(anonymous_6)
FN:94,(anonymous_7)
FN:107,(anonymous_8)
FN:108,(anonymous_9)
FN:124,(anonymous_10)
FN:124,(anonymous_11)
FN:132,(anonymous_12)
FN:139,(anonymous_13)
FN:149,(anonymous_14)
FN:157,(anonymous_15)
FN:164,(anonymous_16)
FN:177,(anonymous_17)
FN:183,(anonymous_18)
FN:196,(anonymous_19)
FN:200,(anonymous_20)
FNF:21
FNH:0
FNDA:0,(anonymous_0)
FNDA:0,(anonymous_1)
FNDA:0,(anonymous_2)
FNDA:0,(anonymous_3)
FNDA:0,(anonymous_4)
FNDA:0,(anonymous_5)
FNDA:0,(anonymous_6)
FNDA:0,(anonymous_7)
FNDA:0,(anonymous_8)
FNDA:0,(anonymous_9)
FNDA:0,(anonymous_10)
FNDA:0,(anonymous_11)
FNDA:0,(anonymous_12)
FNDA:0,(anonymous_13)
FNDA:0,(anonymous_14)
FNDA:0,(anonymous_15)
FNDA:0,(anonymous_16)
FNDA:0,(anonymous_17)
FNDA:0,(anonymous_18)
FNDA:0,(anonymous_19)
FNDA:0,(anonymous_20)
DA:39,0
DA:45,0
DA:48,0
DA:49,0
DA:50,0
DA:51,0
DA:54,0
DA:55,0
DA:56,0
DA:59,0
DA:60,0
DA:61,0
DA:64,0
DA:65,0
DA:66,0
DA:67,0
DA:69,0
DA:70,0
DA:72,0
DA:74,0
DA:75,0
DA:76,0
DA:77,0
DA:80,0
DA:94,0
DA:101,0
DA:102,0
DA:105,0
DA:106,0
DA:107,0
DA:108,0
DA:110,0
DA:118,0
DA:119,0
DA:123,0
DA:124,0
DA:125,0
DA:126,0
DA:127,0
DA:128,0
DA:129,0
DA:132,0
DA:133,0
DA:134,0
DA:139,0
DA:142,0
DA:143,0
DA:148,0
DA:149,0
DA:150,0
DA:151,0
DA:152,0
DA:153,0
DA:154,0
DA:157,0
DA:158,0
DA:159,0
DA:164,0
DA:171,0
DA:172,0
DA:177,0
DA:183,0
DA:184,0
DA:185,0
DA:195,0
DA:197,0
DA:198,0
DA:201,0
DA:202,0
LF:69
LH:0
BRDA:49,0,0,0
BRDA:49,0,1,0
BRDA:50,1,0,0
BRDA:50,1,1,0
BRDA:55,2,0,0
BRDA:55,2,1,0
BRDA:56,3,0,0
BRDA:56,3,1,0
BRDA:60,4,0,0
BRDA:60,4,1,0
BRDA:61,5,0,0
BRDA:61,5,1,0
BRDA:66,6,0,0
BRDA:66,6,1,0
BRDA:69,7,0,0
BRDA:69,7,1,0
BRDA:70,8,0,0
BRDA:70,8,1,0
BRDA:74,9,0,0
BRDA:74,9,1,0
BRDA:74,10,0,0
BRDA:74,10,1,0
BRDA:74,10,2,0
BRDA:74,10,3,0
BRDA:76,11,0,0
BRDA:76,11,1,0
BRDA:76,12,0,0
BRDA:76,12,1,0
BRDA:76,12,2,0
BRDA:82,13,0,0
BRDA:82,13,1,0
BRDA:82,14,0,0
BRDA:82,14,1,0
BRDA:105,15,0,0
BRDA:105,15,1,0
BRDA:107,16,0,0
BRDA:107,16,1,0
BRDA:119,17,0,0
BRDA:119,17,1,0
BRDA:125,18,0,0
BRDA:125,18,1,0
BRDA:126,19,0,0
BRDA:126,19,1,0
BRDA:133,20,0,0
BRDA:133,20,1,0
BRDA:136,21,0,0
BRDA:136,21,1,0
BRDA:143,22,0,0
BRDA:143,22,1,0
BRDA:150,23,0,0
BRDA:150,23,1,0
BRDA:151,24,0,0
BRDA:151,24,1,0
BRDA:158,25,0,0
BRDA:158,25,1,0
BRDA:171,26,0,0
BRDA:171,26,1,0
BRDA:184,27,0,0
BRDA:184,27,1,0
BRDA:184,28,0,0
BRDA:184,28,1,0
BRDA:190,29,0,0
BRDA:190,29,1,0
BRF:63
BRH:0
end_of_record
TN:
SF:src\store\useAppStore.ts
FN:48,(anonymous_0)
FN:67,(anonymous_1)
FN:69,(anonymous_2)
FN:70,(anonymous_3)
FN:76,(anonymous_4)
FN:88,(anonymous_5)
FN:100,(anonymous_6)
FN:102,(anonymous_7)
FN:102,(anonymous_8)
FN:104,(anonymous_9)
FN:104,(anonymous_10)
FN:109,(anonymous_11)
FN:109,(anonymous_12)
FN:116,(anonymous_13)
FN:134,(anonymous_14)
FN:135,(anonymous_15)
FNF:16
FNH:0
FNDA:0,(anonymous_0)
FNDA:0,(anonymous_1)
FNDA:0,(anonymous_2)
FNDA:0,(anonymous_3)
FNDA:0,(anonymous_4)
FNDA:0,(anonymous_5)
FNDA:0,(anonymous_6)
FNDA:0,(anonymous_7)
FNDA:0,(anonymous_8)
FNDA:0,(anonymous_9)
FNDA:0,(anonymous_10)
FNDA:0,(anonymous_11)
FNDA:0,(anonymous_12)
FNDA:0,(anonymous_13)
FNDA:0,(anonymous_14)
FNDA:0,(anonymous_15)
DA:46,0
DA:48,0
DA:67,0
DA:70,0
DA:77,0
DA:78,0
DA:87,0
DA:88,0
DA:100,0
DA:102,0
DA:104,0
DA:109,0
DA:116,0
DA:134,0
DA:135,0
LF:15
LH:0
BRDA:72,0,0,0
BRDA:72,0,1,0
BRDA:77,1,0,0
BRDA:77,1,1,0
BRDA:92,2,0,0
BRDA:92,2,1,0
BRDA:94,3,0,0
BRDA:94,3,1,0
BRDA:95,4,0,0
BRDA:95,4,1,0
BRDA:105,5,0,0
BRDA:105,5,1,0
BRDA:106,6,0,0
BRDA:106,6,1,0
BRDA:110,7,0,0
BRDA:110,7,1,0
BRDA:111,8,0,0
BRDA:111,8,1,0
BRDA:112,9,0,0
BRDA:112,9,1,0
BRDA:113,10,0,0
BRDA:113,10,1,0
BRF:22
BRH:0
end_of_record
TN:
SF:src\utils\confirmDialog.ts
FN:34,(anonymous_0)
FN:37,(anonymous_1)
FN:41,(anonymous_2)
FN:42,(anonymous_3)
FN:71,confirmDialog
FNF:5
FNH:0
FNDA:0,(anonymous_0)
FNDA:0,(anonymous_1)
FNDA:0,(anonymous_2)
FNDA:0,(anonymous_3)
FNDA:0,confirmDialog
DA:35,0
DA:38,0
DA:42,0
DA:44,0
DA:45,0
DA:46,0
DA:48,0
DA:50,0
DA:53,0
DA:56,0
DA:69,0
DA:72,0
LF:12
LH:0
BRDA:44,0,0,0
BRDA:44,0,1,0
BRDA:45,1,0,0
BRDA:45,1,1,0
BRDA:53,2,0,0
BRDA:53,2,1,0
BRDA:53,3,0,0
BRDA:53,3,1,0
BRDA:58,4,0,0
BRDA:58,4,1,0
BRDA:60,5,0,0
BRDA:60,5,1,0
BRDA:61,6,0,0
BRDA:61,6,1,0
BRDA:62,7,0,0
BRDA:62,7,1,0
BRF:16
BRH:0
end_of_record
TN:
SF:src\utils\logger.ts
FN:17,(anonymous_0)
FN:26,(anonymous_1)
FN:35,(anonymous_2)
FN:42,(anonymous_3)
FNF:4
FNH:3
FNDA:6,(anonymous_0)
FNDA:1,(anonymous_1)
FNDA:3,(anonymous_2)
FNDA:0,(anonymous_3)
DA:11,2
DA:13,2
DA:18,6
DA:19,6
DA:27,1
DA:28,1
DA:36,3
DA:43,0
DA:44,0
LF:9
LH:7
BRDA:18,0,0,6
BRDA:18,0,1,0
BRDA:27,1,0,1
BRDA:27,1,1,0
BRDA:43,2,0,0
BRDA:43,2,1,0
BRF:6
BRH:2
end_of_record
TN:
SF:src\utils\notify.ts
FN:25,(anonymous_0)
FN:29,(anonymous_1)
FN:32,(anonymous_2)
FN:37,(anonymous_3)
FN:52,(anonymous_4)
FN:57,(anonymous_5)
FN:58,(anonymous_6)
FN:62,(anonymous_7)
FN:67,(anonymous_8)
FN:77,(anonymous_9)
FN:79,(anonymous_10)
FN:81,(anonymous_11)
FN:83,(anonymous_12)
FN:85,(anonymous_13)
FN:86,(anonymous_14)
FNF:15
FNH:0
FNDA:0,(anonymous_0)
FNDA:0,(anonymous_1)
FNDA:0,(anonymous_2)
FNDA:0,(anonymous_3)
FNDA:0,(anonymous_4)
FNDA:0,(anonymous_5)
FNDA:0,(anonymous_6)
FNDA:0,(anonymous_7)
FNDA:0,(anonymous_8)
FNDA:0,(anonymous_9)
FNDA:0,(anonymous_10)
FNDA:0,(anonymous_11)
FNDA:0,(anonymous_12)
FNDA:0,(anonymous_13)
FNDA:0,(anonymous_14)
DA:26,0
DA:27,0
DA:30,0
DA:31,0
DA:32,0
DA:33,0
DA:39,0
DA:42,0
DA:49,0
DA:50,0
DA:51,0
DA:52,0
DA:54,0
DA:58,0
DA:59,0
DA:63,0
DA:64,0
DA:68,0
DA:69,0
DA:74,0
DA:76,0
DA:78,0
DA:80,0
DA:82,0
DA:84,0
DA:85,0
DA:86,0
LF:27
LH:0
BRDA:37,0,0,0
BRDA:39,1,0,0
BRDA:39,1,1,0
BRDA:39,2,0,0
BRDA:39,2,1,0
BRDA:51,3,0,0
BRDA:51,3,1,0
BRDA:80,4,0,0
BRDA:80,4,1,0
BRF:9
BRH:0
end_of_record
TN:
SF:src\utils\realtimeManager.ts
FN:33,(anonymous_0)
FN:41,(anonymous_1)
FN:49,(anonymous_2)
FN:59,(anonymous_3)
FN:82,(anonymous_4)
FN:101,(anonymous_5)
FN:123,(anonymous_6)
FN:132,(anonymous_7)
FN:167,(anonymous_8)
FN:182,(anonymous_9)
FN:186,(anonymous_10)
FN:191,(anonymous_11)
FN:194,(anonymous_12)
FN:197,(anonymous_13)
FN:217,(anonymous_14)
FN:234,(anonymous_15)
FN:249,(anonymous_16)
FN:252,(anonymous_17)
FN:265,(anonymous_18)
FN:275,(anonymous_19)
FN:278,(anonymous_20)
FN:304,createMachineUpdate
FNF:22
FNH:0
FNDA:0,(anonymous_0)
FNDA:0,(anonymous_1)
FNDA:0,(anonymous_2)
FNDA:0,(anonymous_3)
FNDA:0,(anonymous_4)
FNDA:0,(anonymous_5)
FNDA:0,(anonymous_6)
FNDA:0,(anonymous_7)
FNDA:0,(anonymous_8)
FNDA:0,(anonymous_9)
FNDA:0,(anonymous_10)
FNDA:0,(anonymous_11)
FNDA:0,(anonymous_12)
FNDA:0,(anonymous_13)
FNDA:0,(anonymous_14)
FNDA:0,(anonymous_15)
FNDA:0,(anonymous_16)
FNDA:0,(anonymous_17)
FNDA:0,(anonymous_18)
FNDA:0,(anonymous_19)
FNDA:0,(anonymous_20)
FNDA:0,createMachineUpdate
DA:34,0
DA:35,0
DA:36,0
DA:42,0
DA:44,0
DA:45,0
DA:46,0
DA:49,0
DA:50,0
DA:51,0
DA:55,0
DA:60,0
DA:62,0
DA:63,0
DA:65,0
DA:74,0
DA:78,0
DA:83,0
DA:85,0
DA:86,0
DA:87,0
DA:96,0
DA:101,0
DA:102,0
DA:103,0
DA:104,0
DA:105,0
DA:106,0
DA:107,0
DA:111,0
DA:115,0
DA:116,0
DA:118,0
DA:120,0
DA:123,0
DA:124,0
DA:125,0
DA:135,0
DA:136,0
DA:137,0
DA:138,0
DA:141,0
DA:147,0
DA:148,0
DA:154,0
DA:155,0
DA:157,0
DA:160,0
DA:171,0
DA:172,0
DA:174,0
DA:175,0
DA:176,0
DA:181,0
DA:183,0
DA:184,0
DA:186,0
DA:188,0
DA:189,0
DA:192,0
DA:195,0
DA:198,0
DA:199,0
DA:202,0
DA:203,0
DA:207,0
DA:211,0
DA:212,0
DA:214,0
DA:217,0
DA:218,0
DA:221,0
DA:222,0
DA:223,0
DA:224,0
DA:225,0
DA:235,0
DA:236,0
DA:237,0
DA:238,0
DA:241,0
DA:242,0
DA:243,0
DA:250,0
DA:251,0
DA:252,0
DA:253,0
DA:254,0
DA:256,0
DA:266,0
DA:276,0
DA:278,0
DA:279,0
DA:280,0
DA:283,0
DA:284,0
DA:285,0
DA:287,0
DA:295,0
DA:313,0
LF:100
LH:0
BRDA:44,0,0,0
BRDA:44,0,1,0
BRDA:62,1,0,0
BRDA:62,1,1,0
BRDA:63,2,0,0
BRDA:63,2,1,0
BRDA:86,3,0,0
BRDA:86,3,1,0
BRDA:102,4,0,0
BRDA:102,4,1,0
BRDA:104,5,0,0
BRDA:104,5,1,0
BRDA:106,6,0,0
BRDA:106,6,1,0
BRDA:115,7,0,0
BRDA:115,7,1,0
BRDA:136,8,0,0
BRDA:136,8,1,0
BRDA:154,9,0,0
BRDA:154,9,1,0
BRDA:174,10,0,0
BRDA:174,10,1,0
BRDA:198,11,0,0
BRDA:198,11,1,0
BRDA:211,12,0,0
BRDA:211,12,1,0
BRDA:221,13,0,0
BRDA:221,13,1,0
BRDA:223,14,0,0
BRDA:223,14,1,0
BRDA:236,15,0,0
BRDA:236,15,1,0
BRDA:236,16,0,0
BRDA:236,16,1,0
BRDA:251,17,0,0
BRDA:251,17,1,0
BRDA:251,18,0,0
BRDA:251,18,1,0
BRF:38
BRH:0
end_of_record
TN:
SF:src\utils\slug.ts
FN:3,generateSlug
FN:14,getMachineSlug
FNF:2
FNH:0
FNDA:0,generateSlug
FNDA:0,getMachineSlug
DA:4,0
DA:5,0
DA:15,0
DA:17,0
DA:18,0
LF:5
LH:0
BRDA:4,0,0,0
BRDA:4,0,1,0
BRDA:15,1,0,0
BRDA:15,1,1,0
BRDA:17,2,0,0
BRDA:17,2,1,0
BRDA:17,2,2,0
BRF:7
BRH:0
end_of_record
TN:
SF:src\utils\storageManager.ts
FN:55,(anonymous_0)
FN:67,(anonymous_1)
FN:79,(anonymous_2)
FN:99,(anonymous_3)
FN:109,(anonymous_4)
FN:116,(anonymous_5)
FN:129,(anonymous_6)
FN:143,(anonymous_7)
FN:159,(anonymous_8)
FN:189,(anonymous_9)
FN:221,(anonymous_10)
FN:230,(anonymous_11)
FN:253,(anonymous_12)
FN:267,(anonymous_13)
FN:283,(anonymous_14)
FN:299,(anonymous_15)
FN:320,(anonymous_16)
FN:335,(anonymous_17)
FN:345,(anonymous_18)
FN:360,(anonymous_19)
FN:380,(anonymous_20)
FN:392,(anonymous_21)
FN:396,(anonymous_22)
FN:400,(anonymous_23)
FNF:24
FNH:0
FNDA:0,(anonymous_0)
FNDA:0,(anonymous_1)
FNDA:0,(anonymous_2)
FNDA:0,(anonymous_3)
FNDA:0,(anonymous_4)
FNDA:0,(anonymous_5)
FNDA:0,(anonymous_6)
FNDA:0,(anonymous_7)
FNDA:0,(anonymous_8)
FNDA:0,(anonymous_9)
FNDA:0,(anonymous_10)
FNDA:0,(anonymous_11)
FNDA:0,(anonymous_12)
FNDA:0,(anonymous_13)
FNDA:0,(anonymous_14)
FNDA:0,(anonymous_15)
FNDA:0,(anonymous_16)
FNDA:0,(anonymous_17)
FNDA:0,(anonymous_18)
FNDA:0,(anonymous_19)
FNDA:0,(anonymous_20)
FNDA:0,(anonymous_21)
FNDA:0,(anonymous_22)
FNDA:0,(anonymous_23)
DA:9,0
DA:51,0
DA:56,0
DA:57,0
DA:58,0
DA:59,0
DA:61,0
DA:68,0
DA:69,0
DA:70,0
DA:72,0
DA:80,0
DA:81,0
DA:82,0
DA:84,0
DA:85,0
DA:86,0
DA:88,0
DA:90,0
DA:91,0
DA:92,0
DA:100,0
DA:101,0
DA:110,0
DA:117,0
DA:125,0
DA:130,0
DA:131,0
DA:132,0
DA:133,0
DA:134,0
DA:136,0
DA:144,0
DA:145,0
DA:146,0
DA:147,0
DA:149,0
DA:151,0
DA:152,0
DA:160,0
DA:161,0
DA:163,0
DA:164,0
DA:174,0
DA:176,0
DA:179,0
DA:180,0
DA:182,0
DA:190,0
DA:191,0
DA:197,0
DA:198,0
DA:200,0
DA:209,0
DA:210,0
DA:211,0
DA:213,0
DA:214,0
DA:222,0
DA:223,0
DA:224,0
DA:231,0
DA:232,0
DA:234,0
DA:235,0
DA:236,0
DA:237,0
DA:241,0
DA:249,0
DA:254,0
DA:255,0
DA:256,0
DA:257,0
DA:258,0
DA:260,0
DA:268,0
DA:269,0
DA:270,0
DA:271,0
DA:273,0
DA:275,0
DA:276,0
DA:284,0
DA:285,0
DA:286,0
DA:294,0
DA:300,0
DA:303,0
DA:306,0
DA:309,0
DA:312,0
DA:314,0
DA:321,0
DA:323,0
DA:325,0
DA:326,0
DA:329,0
DA:336,0
DA:338,0
DA:339,0
DA:342,0
DA:343,0
DA:345,0
DA:346,0
DA:347,0
DA:348,0
DA:349,0
DA:353,0
DA:361,0
DA:362,0
DA:365,0
DA:368,0
DA:372,0
DA:373,0
DA:374,0
DA:375,0
DA:376,0
DA:380,0
DA:382,0
DA:383,0
DA:391,0
DA:393,0
DA:397,0
DA:401,0
LF:124
LH:0
BRDA:57,0,0,0
BRDA:57,0,1,0
BRDA:82,1,0,0
BRDA:82,1,1,0
BRDA:85,2,0,0
BRDA:85,2,1,0
BRDA:85,3,0,0
BRDA:85,3,1,0
BRDA:85,3,2,0
BRDA:147,4,0,0
BRDA:147,4,1,0
BRDA:161,5,0,0
BRDA:161,5,1,0
BRDA:174,6,0,0
BRDA:174,6,1,0
BRDA:197,7,0,0
BRDA:197,7,1,0
BRDA:198,8,0,0
BRDA:198,8,1,0
BRDA:205,9,0,0
BRDA:205,9,1,0
BRDA:236,10,0,0
BRDA:236,10,1,0
BRDA:271,11,0,0
BRDA:271,11,1,0
BRDA:325,12,0,0
BRDA:325,12,1,0
BRDA:347,13,0,0
BRDA:347,13,1,0
BRDA:347,14,0,0
BRDA:347,14,1,0
BRDA:361,15,0,0
BRDA:361,15,1,0
BRDA:375,16,0,0
BRDA:375,16,1,0
BRF:35
BRH:0
end_of_record
TN:
SF:src\utils\syncQueue.ts
FN:32,(anonymous_0)
FN:48,(anonymous_1)
FN:60,(anonymous_2)
FN:85,(anonymous_3)
FN:131,(anonymous_4)
FN:149,(anonymous_5)
FN:160,(anonymous_6)
FN:171,(anonymous_7)
FN:182,(anonymous_8)
FN:193,(anonymous_9)
FN:197,(anonymous_10)
FN:202,(anonymous_11)
FN:217,(anonymous_12)
FN:234,setupAutoSync
FN:236,(anonymous_14)
FN:242,(anonymous_15)
FN:247,(anonymous_16)
FN:265,safeInsertProduction
FN:286,safeInsertStop
FN:307,safeInsertChecklist
FN:328,safeInsertDiary
FNF:21
FNH:0
FNDA:0,(anonymous_0)
FNDA:0,(anonymous_1)
FNDA:0,(anonymous_2)
FNDA:0,(anonymous_3)
FNDA:0,(anonymous_4)
FNDA:0,(anonymous_5)
FNDA:0,(anonymous_6)
FNDA:0,(anonymous_7)
FNDA:0,(anonymous_8)
FNDA:0,(anonymous_9)
FNDA:0,(anonymous_10)
FNDA:0,(anonymous_11)
FNDA:0,(anonymous_12)
FNDA:0,setupAutoSync
FNDA:0,(anonymous_14)
FNDA:0,(anonymous_15)
FNDA:0,(anonymous_16)
FNDA:0,safeInsertProduction
FNDA:0,safeInsertStop
FNDA:0,safeInsertChecklist
FNDA:0,safeInsertDiary
DA:21,0
DA:22,0
DA:28,0
DA:33,0
DA:34,0
DA:35,0
DA:36,0
DA:38,0
DA:40,0
DA:41,0
DA:49,0
DA:50,0
DA:51,0
DA:53,0
DA:61,0
DA:63,0
DA:71,0
DA:72,0
DA:74,0
DA:77,0
DA:78,0
DA:86,0
DA:87,0
DA:88,0
DA:91,0
DA:92,0
DA:93,0
DA:94,0
DA:97,0
DA:99,0
DA:100,0
DA:102,0
DA:103,0
DA:104,0
DA:105,0
DA:107,0
DA:109,0
DA:110,0
DA:112,0
DA:113,0
DA:115,0
DA:121,0
DA:122,0
DA:123,0
DA:125,0
DA:132,0
DA:134,0
DA:136,0
DA:138,0
DA:140,0
DA:142,0
DA:150,0
DA:154,0
DA:161,0
DA:165,0
DA:172,0
DA:176,0
DA:183,0
DA:187,0
DA:194,0
DA:196,0
DA:197,0
DA:198,0
DA:201,0
DA:203,0
DA:207,0
DA:218,0
DA:222,0
DA:223,0
DA:236,0
DA:237,0
DA:238,0
DA:242,0
DA:243,0
DA:247,0
DA:248,0
DA:249,0
DA:250,0
DA:251,0
DA:255,0
DA:266,0
DA:267,0
DA:268,0
DA:271,0
DA:272,0
DA:276,0
DA:278,0
DA:279,0
DA:287,0
DA:288,0
DA:289,0
DA:292,0
DA:293,0
DA:297,0
DA:299,0
DA:300,0
DA:308,0
DA:309,0
DA:310,0
DA:313,0
DA:314,0
DA:318,0
DA:320,0
DA:321,0
DA:329,0
DA:330,0
DA:331,0
DA:334,0
DA:335,0
DA:339,0
DA:341,0
DA:342,0
LF:112
LH:0
BRDA:35,0,0,0
BRDA:35,0,1,0
BRDA:77,1,0,0
BRDA:77,1,1,0
BRDA:86,2,0,0
BRDA:86,2,1,0
BRDA:92,3,0,0
BRDA:92,3,1,0
BRDA:112,4,0,0
BRDA:112,4,1,0
BRDA:132,5,0,0
BRDA:132,5,1,0
BRDA:132,5,2,0
BRDA:132,5,3,0
BRDA:132,5,4,0
BRDA:154,6,0,0
BRDA:154,6,1,0
BRDA:165,7,0,0
BRDA:165,7,1,0
BRDA:176,8,0,0
BRDA:176,8,1,0
BRDA:187,9,0,0
BRDA:187,9,1,0
BRDA:198,10,0,0
BRDA:198,10,1,0
BRDA:201,11,0,0
BRDA:201,11,1,0
BRDA:203,12,0,0
BRDA:203,12,1,0
BRDA:249,13,0,0
BRDA:249,13,1,0
BRDA:249,14,0,0
BRDA:249,14,1,0
BRDA:266,15,0,0
BRDA:266,15,1,0
BRDA:276,16,0,0
BRDA:276,16,1,0
BRDA:287,17,0,0
BRDA:287,17,1,0
BRDA:297,18,0,0
BRDA:297,18,1,0
BRDA:308,19,0,0
BRDA:308,19,1,0
BRDA:318,20,0,0
BRDA:318,20,1,0
BRDA:329,21,0,0
BRDA:329,21,1,0
BRDA:339,22,0,0
BRDA:339,22,1,0
BRF:49
BRH:0
end_of_record
